---------------------------------------------------------------
[ 2018-10-11T09:47:11+08:00 ] 127.0.0.1 GET /admin/office?ref=addtabs
[ info ] www.newproject.com/admin/office?ref=addtabs [运行时间：0.096000s][吞吐率：10.42req/s] [内存消耗：3,373.01kb] [文件加载：83]
[ info ] [ BEHAVIOR ] Run Closure @app_init [ RunTime:0.000000s ]
[ info ] [ CACHE ] INIT File
[ info ] [ BEHAVIOR ] Run Closure @app_init [ RunTime:0.005000s ]
[ info ] [ LANG ] F:\phpStudy\WWW\newproject\thinkphp\lang\zh-cn.php
[ info ] [ ROUTE ] array (
  'type' => 'module',
  'module' => 
  array (
    0 => 'admin',
    1 => 'office',
    2 => NULL,
  ),
)
[ info ] [ HEADER ] array (
  'host' => 'www.newproject.com',
  'connection' => 'keep-alive',
  'cache-control' => 'max-age=0',
  'upgrade-insecure-requests' => '1',
  'user-agent' => 'Mozilla/5.0 (Windows NT 6.1; WOW64) AppleWebKit/537.36 (KHTML, like Gecko) Chrome/69.0.3497.23 Safari/537.36',
  'accept' => 'text/html,application/xhtml+xml,application/xml;q=0.9,image/webp,image/apng,*/*;q=0.8',
  'referer' => 'http://www.newproject.com/admin/dashboard?ref=addtabs',
  'accept-encoding' => 'gzip, deflate',
  'accept-language' => 'en,zh;q=0.9,zh-CN;q=0.8',
  'cookie' => 'Hm_lvt_f8d0a8c400404989e195270b0bbf060a=1537150477,1537836312,1537865906,1539048651; Hm_lpvt_f8d0a8c400404989e195270b0bbf060a=1539048651; PHPSESSID=kvafrjtj0ou7m89180q087hc00; think_var=zh-cn',
)
[ info ] [ PARAM ] array (
  'ref' => 'addtabs',
)
[ info ] [ LANG ] F:\phpStudy\WWW\newproject\public/../application/admin\lang\zh-cn.php
[ info ] [ BEHAVIOR ] Run app\common\behavior\Common @module_init [ RunTime:0.001000s ]
[ info ] [ SESSION ] INIT array (
  'id' => '',
  'var_session_id' => '',
  'prefix' => 'think',
  'type' => '',
  'auto_start' => true,
)
[ info ] [ DB ] INIT mysql
[ info ] [ BEHAVIOR ] Run app\admin\behavior\AdminLog @app_end [ RunTime:0.001000s ]
[ info ] [ LOG ] INIT File
[ sql ] [ DB ] CONNECT:[ UseTime:0.001000s ] mysql:host=127.0.0.1;dbname=fastadmin;charset=utf8
[ sql ] [ SQL ] SHOW COLUMNS FROM `fa_auth_group_access` [ RunTime:0.010000s ]
[ sql ] [ SQL ] SELECT `aga`.`uid`,`aga`.`group_id`,`ag`.`id`,`ag`.`pid`,`ag`.`name`,`ag`.`rules` FROM `fa_auth_group_access` `aga` LEFT JOIN `fa_auth_group` `ag` ON `aga`.`group_id`=`ag`.`id` WHERE  (  aga.uid='1' and ag.status='normal' ) [ RunTime:0.001000s ]
[ sql ] [ SQL ] SHOW COLUMNS FROM `fa_auth_rule` [ RunTime:0.010000s ]
[ sql ] [ SQL ] SELECT `id`,`pid`,`condition`,`icon`,`name`,`title`,`ismenu` FROM `fa_auth_rule` WHERE  `status` = 'normal' [ RunTime:0.001000s ]
---------------------------------------------------------------
[ 2018-10-11T09:47:12+08:00 ] 127.0.0.1 GET /admin/index/index
[ info ] www.newproject.com/admin/index/index [运行时间：0.556000s][吞吐率：1.80req/s] [内存消耗：3,980.38kb] [文件加载：98]
[ info ] [ BEHAVIOR ] Run Closure @app_init [ RunTime:0.000000s ]
[ info ] [ CACHE ] INIT File
[ info ] [ BEHAVIOR ] Run Closure @app_init [ RunTime:0.004000s ]
[ info ] [ LANG ] F:\phpStudy\WWW\newproject\thinkphp\lang\zh-cn.php
[ info ] [ ROUTE ] array (
  'type' => 'module',
  'module' => 
  array (
    0 => 'admin',
    1 => 'index',
    2 => 'index',
  ),
)
[ info ] [ HEADER ] array (
  'host' => 'www.newproject.com',
  'connection' => 'keep-alive',
  'cache-control' => 'max-age=0',
  'upgrade-insecure-requests' => '1',
  'user-agent' => 'Mozilla/5.0 (Windows NT 6.1; WOW64) AppleWebKit/537.36 (KHTML, like Gecko) Chrome/69.0.3497.23 Safari/537.36',
  'accept' => 'text/html,application/xhtml+xml,application/xml;q=0.9,image/webp,image/apng,*/*;q=0.8',
  'referer' => 'http://www.newproject.com/admin/dashboard?ref=addtabs',
  'accept-encoding' => 'gzip, deflate',
  'accept-language' => 'en,zh;q=0.9,zh-CN;q=0.8',
  'cookie' => 'Hm_lvt_f8d0a8c400404989e195270b0bbf060a=1537150477,1537836312,1537865906,1539048651; Hm_lpvt_f8d0a8c400404989e195270b0bbf060a=1539048651; PHPSESSID=kvafrjtj0ou7m89180q087hc00; think_var=zh-cn',
)
[ info ] [ PARAM ] array (
)
[ info ] [ LANG ] F:\phpStudy\WWW\newproject\public/../application/admin\lang\zh-cn.php
[ info ] [ BEHAVIOR ] Run app\common\behavior\Common @module_init [ RunTime:0.001000s ]
[ info ] [ SESSION ] INIT array (
  'id' => '',
  'var_session_id' => '',
  'prefix' => 'think',
  'type' => '',
  'auto_start' => true,
)
[ info ] [ LANG ] F:\phpStudy\WWW\newproject\public/../application/admin/lang/zh-cn/index.php
[ info ] [ RUN ] app\admin\controller\Index->index[ F:\phpStudy\WWW\newproject\application\admin\controller\Index.php ]
[ info ] [ DB ] INIT mysql
[ info ] [ VIEW ] F:\phpStudy\WWW\newproject\public/../application/admin\view\index\index.html [ array (
  0 => 'breadcrumb',
  1 => 'site',
  2 => 'config',
  3 => 'auth',
  4 => 'admin',
  5 => 'menulist',
  6 => 'navlist',
  7 => 'title',
) ]
[ info ] [ BEHAVIOR ] Run app\admin\behavior\AdminLog @app_end [ RunTime:0.001000s ]
[ info ] [ LOG ] INIT File
[ sql ] [ DB ] CONNECT:[ UseTime:0.010000s ] mysql:host=127.0.0.1;dbname=fastadmin;charset=utf8
[ sql ] [ SQL ] SHOW COLUMNS FROM `fa_auth_group_access` [ RunTime:0.009000s ]
[ sql ] [ SQL ] SELECT `aga`.`uid`,`aga`.`group_id`,`ag`.`id`,`ag`.`pid`,`ag`.`name`,`ag`.`rules` FROM `fa_auth_group_access` `aga` LEFT JOIN `fa_auth_group` `ag` ON `aga`.`group_id`=`ag`.`id` WHERE  (  aga.uid='1' and ag.status='normal' ) [ RunTime:0.001000s ]
[ sql ] [ SQL ] SHOW COLUMNS FROM `fa_auth_rule` [ RunTime:0.009000s ]
[ sql ] [ SQL ] SELECT `id`,`pid`,`condition`,`icon`,`name`,`title`,`ismenu` FROM `fa_auth_rule` WHERE  `status` = 'normal' [ RunTime:0.001000s ]
---------------------------------------------------------------
[ 2018-10-11T09:47:12+08:00 ] 127.0.0.1 GET /admin/ajax/lang?callback=define&controllername=index&v=1539222431
[ info ] www.newproject.com/admin/ajax/lang?callback=define&controllername=index&v=1539222431 [运行时间：0.044000s][吞吐率：22.73req/s] [内存消耗：2,822.10kb] [文件加载：79]
[ info ] [ BEHAVIOR ] Run Closure @app_init [ RunTime:0.000000s ]
[ info ] [ CACHE ] INIT File
[ info ] [ BEHAVIOR ] Run Closure @app_init [ RunTime:0.002000s ]
[ info ] [ LANG ] F:\phpStudy\WWW\newproject\thinkphp\lang\zh-cn.php
[ info ] [ ROUTE ] array (
  'type' => 'module',
  'module' => 
  array (
    0 => 'admin',
    1 => 'ajax',
    2 => 'lang',
  ),
)
[ info ] [ HEADER ] array (
  'host' => 'www.newproject.com',
  'connection' => 'keep-alive',
  'user-agent' => 'Mozilla/5.0 (Windows NT 6.1; WOW64) AppleWebKit/537.36 (KHTML, like Gecko) Chrome/69.0.3497.23 Safari/537.36',
  'accept' => '*/*',
  'referer' => 'http://www.newproject.com/admin/index/index',
  'accept-encoding' => 'gzip, deflate',
  'accept-language' => 'en,zh;q=0.9,zh-CN;q=0.8',
  'cookie' => 'Hm_lvt_f8d0a8c400404989e195270b0bbf060a=1537150477,1537836312,1537865906,1539048651; Hm_lpvt_f8d0a8c400404989e195270b0bbf060a=1539048651; PHPSESSID=kvafrjtj0ou7m89180q087hc00; think_var=zh-cn',
)
[ info ] [ PARAM ] array (
  'callback' => 'define',
  'controllername' => 'index',
  'v' => '1539222431',
)
[ info ] [ LANG ] F:\phpStudy\WWW\newproject\public/../application/admin\lang\zh-cn.php
[ info ] [ BEHAVIOR ] Run app\common\behavior\Common @module_init [ RunTime:0.000000s ]
[ info ] [ SESSION ] INIT array (
  'id' => '',
  'var_session_id' => '',
  'prefix' => 'think',
  'type' => '',
  'auto_start' => true,
)
[ info ] [ LANG ] F:\phpStudy\WWW\newproject\public/../application/admin/lang/zh-cn/ajax.php
[ info ] [ RUN ] app\admin\controller\Ajax->lang[ F:\phpStudy\WWW\newproject\application\admin\controller\Ajax.php ]
[ info ] [ LANG ] F:\phpStudy\WWW\newproject\public/../application/admin/lang/zh-cn/index.php
[ info ] [ BEHAVIOR ] Run app\admin\behavior\AdminLog @app_end [ RunTime:0.000000s ]
[ info ] [ LOG ] INIT File
---------------------------------------------------------------
[ 2018-10-11T09:47:12+08:00 ] 127.0.0.1 GET /admin/dashboard?addtabs=1
[ info ] www.newproject.com/admin/dashboard?addtabs=1 [运行时间：0.088000s][吞吐率：11.36req/s] [内存消耗：3,782.71kb] [文件加载：88]
[ info ] [ BEHAVIOR ] Run Closure @app_init [ RunTime:0.000000s ]
[ info ] [ CACHE ] INIT File
[ info ] [ BEHAVIOR ] Run Closure @app_init [ RunTime:0.003000s ]
[ info ] [ LANG ] F:\phpStudy\WWW\newproject\thinkphp\lang\zh-cn.php
[ info ] [ ROUTE ] array (
  'type' => 'module',
  'module' => 
  array (
    0 => 'admin',
    1 => 'dashboard',
    2 => NULL,
  ),
)
[ info ] [ HEADER ] array (
  'host' => 'www.newproject.com',
  'connection' => 'keep-alive',
  'upgrade-insecure-requests' => '1',
  'user-agent' => 'Mozilla/5.0 (Windows NT 6.1; WOW64) AppleWebKit/537.36 (KHTML, like Gecko) Chrome/69.0.3497.23 Safari/537.36',
  'accept' => 'text/html,application/xhtml+xml,application/xml;q=0.9,image/webp,image/apng,*/*;q=0.8',
  'referer' => 'http://www.newproject.com/admin/dashboard?ref=addtabs',
  'accept-encoding' => 'gzip, deflate',
  'accept-language' => 'en,zh;q=0.9,zh-CN;q=0.8',
  'cookie' => 'Hm_lvt_f8d0a8c400404989e195270b0bbf060a=1537150477,1537836312,1537865906,1539048651; Hm_lpvt_f8d0a8c400404989e195270b0bbf060a=1539048651; PHPSESSID=kvafrjtj0ou7m89180q087hc00; think_var=zh-cn',
)
[ info ] [ PARAM ] array (
  'addtabs' => '1',
)
[ info ] [ LANG ] F:\phpStudy\WWW\newproject\public/../application/admin\lang\zh-cn.php
[ info ] [ BEHAVIOR ] Run app\common\behavior\Common @module_init [ RunTime:0.000000s ]
[ info ] [ SESSION ] INIT array (
  'id' => '',
  'var_session_id' => '',
  'prefix' => 'think',
  'type' => '',
  'auto_start' => true,
)
[ info ] [ DB ] INIT mysql
[ info ] [ LANG ] F:\phpStudy\WWW\newproject\public/../application/admin/lang/zh-cn/dashboard.php
[ info ] [ RUN ] app\admin\controller\Dashboard->index[ F:\phpStudy\WWW\newproject\application\admin\controller\Dashboard.php ]
[ info ] [ VIEW ] F:\phpStudy\WWW\newproject\public/../application/admin\view\dashboard\index.html [ array (
  0 => 'breadcrumb',
  1 => 'site',
  2 => 'config',
  3 => 'auth',
  4 => 'admin',
  5 => 'totaluser',
  6 => 'totalviews',
  7 => 'totalorder',
  8 => 'totalorderamount',
  9 => 'todayuserlogin',
  10 => 'todayusersignup',
  11 => 'todayorder',
  12 => 'unsettleorder',
  13 => 'sevendnu',
  14 => 'sevendau',
  15 => 'paylist',
  16 => 'createlist',
  17 => 'addonversion',
  18 => 'uploadmode',
) ]
[ info ] [ BEHAVIOR ] Run app\admin\behavior\AdminLog @app_end [ RunTime:0.000000s ]
[ info ] [ LOG ] INIT File
[ sql ] [ DB ] CONNECT:[ UseTime:0.010000s ] mysql:host=127.0.0.1;dbname=fastadmin;charset=utf8
[ sql ] [ SQL ] SHOW COLUMNS FROM `fa_auth_group_access` [ RunTime:0.010000s ]
[ sql ] [ SQL ] SELECT `aga`.`uid`,`aga`.`group_id`,`ag`.`id`,`ag`.`pid`,`ag`.`name`,`ag`.`rules` FROM `fa_auth_group_access` `aga` LEFT JOIN `fa_auth_group` `ag` ON `aga`.`group_id`=`ag`.`id` WHERE  (  aga.uid='1' and ag.status='normal' ) [ RunTime:0.000000s ]
[ sql ] [ SQL ] SHOW COLUMNS FROM `fa_auth_rule` [ RunTime:0.009000s ]
[ sql ] [ SQL ] SELECT `id`,`pid`,`condition`,`icon`,`name`,`title`,`ismenu` FROM `fa_auth_rule` WHERE  `status` = 'normal' [ RunTime:0.001000s ]
[ sql ] [ SQL ] SELECT `title`,`remark` FROM `fa_auth_rule` WHERE  `name` = 'dashboard' LIMIT 1 [ RunTime:0.001000s ]
---------------------------------------------------------------
[ 2018-10-11T09:47:12+08:00 ] 127.0.0.1 GET /admin/office?addtabs=1
[ info ] www.newproject.com/admin/office?addtabs=1 [运行时间：0.132000s][吞吐率：7.58req/s] [内存消耗：3,866.23kb] [文件加载：89]
[ info ] [ BEHAVIOR ] Run Closure @app_init [ RunTime:0.000000s ]
[ info ] [ CACHE ] INIT File
[ info ] [ BEHAVIOR ] Run Closure @app_init [ RunTime:0.003000s ]
[ info ] [ LANG ] F:\phpStudy\WWW\newproject\thinkphp\lang\zh-cn.php
[ info ] [ ROUTE ] array (
  'type' => 'module',
  'module' => 
  array (
    0 => 'admin',
    1 => 'office',
    2 => NULL,
  ),
)
[ info ] [ HEADER ] array (
  'host' => 'www.newproject.com',
  'connection' => 'keep-alive',
  'upgrade-insecure-requests' => '1',
  'user-agent' => 'Mozilla/5.0 (Windows NT 6.1; WOW64) AppleWebKit/537.36 (KHTML, like Gecko) Chrome/69.0.3497.23 Safari/537.36',
  'accept' => 'text/html,application/xhtml+xml,application/xml;q=0.9,image/webp,image/apng,*/*;q=0.8',
  'referer' => 'http://www.newproject.com/admin/office?ref=addtabs',
  'accept-encoding' => 'gzip, deflate',
  'accept-language' => 'en,zh;q=0.9,zh-CN;q=0.8',
  'cookie' => 'Hm_lvt_f8d0a8c400404989e195270b0bbf060a=1537150477,1537836312,1537865906,1539048651; Hm_lpvt_f8d0a8c400404989e195270b0bbf060a=1539048651; PHPSESSID=kvafrjtj0ou7m89180q087hc00; think_var=zh-cn',
)
[ info ] [ PARAM ] array (
  'addtabs' => '1',
)
[ info ] [ LANG ] F:\phpStudy\WWW\newproject\public/../application/admin\lang\zh-cn.php
[ info ] [ BEHAVIOR ] Run app\common\behavior\Common @module_init [ RunTime:0.001000s ]
[ info ] [ SESSION ] INIT array (
  'id' => '',
  'var_session_id' => '',
  'prefix' => 'think',
  'type' => '',
  'auto_start' => true,
)
[ info ] [ DB ] INIT mysql
[ info ] [ LANG ] F:\phpStudy\WWW\newproject\public/../application/admin/lang/zh-cn/office.php
[ info ] [ RUN ] app\admin\controller\Office->index[ F:\phpStudy\WWW\newproject\application\admin\controller\Office.php ]
[ info ] [ VIEW ] F:\phpStudy\WWW\newproject\public/../application/admin\view\office\index.html [ array (
  0 => 'breadcrumb',
  1 => 'site',
  2 => 'config',
  3 => 'auth',
  4 => 'admin',
  5 => 'statusList',
  6 => 'isactivityList',
  7 => 'parentList',
) ]
[ info ] [ BEHAVIOR ] Run app\admin\behavior\AdminLog @app_end [ RunTime:0.001000s ]
[ info ] [ LOG ] INIT File
[ sql ] [ DB ] CONNECT:[ UseTime:0.000000s ] mysql:host=127.0.0.1;dbname=fastadmin;charset=utf8
[ sql ] [ SQL ] SHOW COLUMNS FROM `fa_auth_group_access` [ RunTime:0.009000s ]
[ sql ] [ SQL ] SELECT `aga`.`uid`,`aga`.`group_id`,`ag`.`id`,`ag`.`pid`,`ag`.`name`,`ag`.`rules` FROM `fa_auth_group_access` `aga` LEFT JOIN `fa_auth_group` `ag` ON `aga`.`group_id`=`ag`.`id` WHERE  (  aga.uid='1' and ag.status='normal' ) [ RunTime:0.001000s ]
[ sql ] [ SQL ] SHOW COLUMNS FROM `fa_auth_rule` [ RunTime:0.010000s ]
[ sql ] [ SQL ] SELECT `id`,`pid`,`condition`,`icon`,`name`,`title`,`ismenu` FROM `fa_auth_rule` WHERE  `status` = 'normal' [ RunTime:0.001000s ]
[ sql ] [ SQL ] SHOW COLUMNS FROM `fa_office` [ RunTime:0.010000s ]
[ sql ] [ SQL ] SELECT * FROM `fa_office` WHERE  (  `parentid` = 1  AND `status` = '0' ) ORDER BY `id` ASC [ RunTime:0.001000s ]
[ sql ] [ SQL ] SELECT `title`,`remark` FROM `fa_auth_rule` WHERE  `name` = 'office' LIMIT 1 [ RunTime:0.000000s ]
---------------------------------------------------------------
[ 2018-10-11T09:47:12+08:00 ] 127.0.0.1 GET /admin/ajax/lang?callback=define&controllername=dashboard&v=1539222432
[ info ] www.newproject.com/admin/ajax/lang?callback=define&controllername=dashboard&v=1539222432 [运行时间：0.049000s][吞吐率：20.41req/s] [内存消耗：2,819.78kb] [文件加载：79]
[ info ] [ BEHAVIOR ] Run Closure @app_init [ RunTime:0.000000s ]
[ info ] [ CACHE ] INIT File
[ info ] [ BEHAVIOR ] Run Closure @app_init [ RunTime:0.004000s ]
[ info ] [ LANG ] F:\phpStudy\WWW\newproject\thinkphp\lang\zh-cn.php
[ info ] [ ROUTE ] array (
  'type' => 'module',
  'module' => 
  array (
    0 => 'admin',
    1 => 'ajax',
    2 => 'lang',
  ),
)
[ info ] [ HEADER ] array (
  'host' => 'www.newproject.com',
  'connection' => 'keep-alive',
  'user-agent' => 'Mozilla/5.0 (Windows NT 6.1; WOW64) AppleWebKit/537.36 (KHTML, like Gecko) Chrome/69.0.3497.23 Safari/537.36',
  'accept' => '*/*',
  'referer' => 'http://www.newproject.com/admin/dashboard?addtabs=1',
  'accept-encoding' => 'gzip, deflate',
  'accept-language' => 'en,zh;q=0.9,zh-CN;q=0.8',
  'cookie' => 'Hm_lvt_f8d0a8c400404989e195270b0bbf060a=1537150477,1537836312,1537865906,1539048651; Hm_lpvt_f8d0a8c400404989e195270b0bbf060a=1539048651; PHPSESSID=kvafrjtj0ou7m89180q087hc00; think_var=zh-cn',
)
[ info ] [ PARAM ] array (
  'callback' => 'define',
  'controllername' => 'dashboard',
  'v' => '1539222432',
)
[ info ] [ LANG ] F:\phpStudy\WWW\newproject\public/../application/admin\lang\zh-cn.php
[ info ] [ BEHAVIOR ] Run app\common\behavior\Common @module_init [ RunTime:0.001000s ]
[ info ] [ SESSION ] INIT array (
  'id' => '',
  'var_session_id' => '',
  'prefix' => 'think',
  'type' => '',
  'auto_start' => true,
)
[ info ] [ LANG ] F:\phpStudy\WWW\newproject\public/../application/admin/lang/zh-cn/ajax.php
[ info ] [ RUN ] app\admin\controller\Ajax->lang[ F:\phpStudy\WWW\newproject\application\admin\controller\Ajax.php ]
[ info ] [ LANG ] F:\phpStudy\WWW\newproject\public/../application/admin/lang/zh-cn/dashboard.php
[ info ] [ BEHAVIOR ] Run app\admin\behavior\AdminLog @app_end [ RunTime:0.000000s ]
[ info ] [ LOG ] INIT File
---------------------------------------------------------------
[ 2018-10-11T09:47:12+08:00 ] 127.0.0.1 GET /admin/ajax/lang?callback=define&controllername=office&v=1539222432
[ info ] www.newproject.com/admin/ajax/lang?callback=define&controllername=office&v=1539222432 [运行时间：0.047000s][吞吐率：21.28req/s] [内存消耗：2,817.85kb] [文件加载：79]
[ info ] [ BEHAVIOR ] Run Closure @app_init [ RunTime:0.000000s ]
[ info ] [ CACHE ] INIT File
[ info ] [ BEHAVIOR ] Run Closure @app_init [ RunTime:0.002000s ]
[ info ] [ LANG ] F:\phpStudy\WWW\newproject\thinkphp\lang\zh-cn.php
[ info ] [ ROUTE ] array (
  'type' => 'module',
  'module' => 
  array (
    0 => 'admin',
    1 => 'ajax',
    2 => 'lang',
  ),
)
[ info ] [ HEADER ] array (
  'host' => 'www.newproject.com',
  'connection' => 'keep-alive',
  'user-agent' => 'Mozilla/5.0 (Windows NT 6.1; WOW64) AppleWebKit/537.36 (KHTML, like Gecko) Chrome/69.0.3497.23 Safari/537.36',
  'accept' => '*/*',
  'referer' => 'http://www.newproject.com/admin/office?addtabs=1',
  'accept-encoding' => 'gzip, deflate',
  'accept-language' => 'en,zh;q=0.9,zh-CN;q=0.8',
  'cookie' => 'Hm_lvt_f8d0a8c400404989e195270b0bbf060a=1537150477,1537836312,1537865906,1539048651; Hm_lpvt_f8d0a8c400404989e195270b0bbf060a=1539048651; PHPSESSID=kvafrjtj0ou7m89180q087hc00; think_var=zh-cn',
)
[ info ] [ PARAM ] array (
  'callback' => 'define',
  'controllername' => 'office',
  'v' => '1539222432',
)
[ info ] [ LANG ] F:\phpStudy\WWW\newproject\public/../application/admin\lang\zh-cn.php
[ info ] [ BEHAVIOR ] Run app\common\behavior\Common @module_init [ RunTime:0.001000s ]
[ info ] [ SESSION ] INIT array (
  'id' => '',
  'var_session_id' => '',
  'prefix' => 'think',
  'type' => '',
  'auto_start' => true,
)
[ info ] [ LANG ] F:\phpStudy\WWW\newproject\public/../application/admin/lang/zh-cn/ajax.php
[ info ] [ RUN ] app\admin\controller\Ajax->lang[ F:\phpStudy\WWW\newproject\application\admin\controller\Ajax.php ]
[ info ] [ LANG ] F:\phpStudy\WWW\newproject\public/../application/admin/lang/zh-cn/office.php
[ info ] [ BEHAVIOR ] Run app\admin\behavior\AdminLog @app_end [ RunTime:0.001000s ]
[ info ] [ LOG ] INIT File
---------------------------------------------------------------
[ 2018-10-11T09:47:13+08:00 ] 127.0.0.1 GET /admin/office/index?sort=id&order=desc&offset=0&limit=10&filter=%7B%7D&op=%7B%7D&_=1539222432667
[ info ] www.newproject.com/admin/office/index?sort=id&order=desc&offset=0&limit=10&filter=%7B%7D&op=%7B%7D&_=1539222432667 [运行时间：0.123000s][吞吐率：8.13req/s] [内存消耗：4,145.69kb] [文件加载：94]
[ info ] [ BEHAVIOR ] Run Closure @app_init [ RunTime:0.000000s ]
[ info ] [ CACHE ] INIT File
[ info ] [ BEHAVIOR ] Run Closure @app_init [ RunTime:0.003000s ]
[ info ] [ LANG ] F:\phpStudy\WWW\newproject\thinkphp\lang\zh-cn.php
[ info ] [ ROUTE ] array (
  'type' => 'module',
  'module' => 
  array (
    0 => 'admin',
    1 => 'office',
    2 => 'index',
  ),
)
[ info ] [ HEADER ] array (
  'host' => 'www.newproject.com',
  'connection' => 'keep-alive',
  'accept' => 'application/json, text/javascript, */*; q=0.01',
  'x-requested-with' => 'XMLHttpRequest',
  'user-agent' => 'Mozilla/5.0 (Windows NT 6.1; WOW64) AppleWebKit/537.36 (KHTML, like Gecko) Chrome/69.0.3497.23 Safari/537.36',
  'content-type' => 'application/json',
  'referer' => 'http://www.newproject.com/admin/office?addtabs=1',
  'accept-encoding' => 'gzip, deflate',
  'accept-language' => 'en,zh;q=0.9,zh-CN;q=0.8',
  'cookie' => 'Hm_lvt_f8d0a8c400404989e195270b0bbf060a=1537150477,1537836312,1537865906,1539048651; Hm_lpvt_f8d0a8c400404989e195270b0bbf060a=1539048651; PHPSESSID=kvafrjtj0ou7m89180q087hc00; think_var=zh-cn',
)
[ info ] [ PARAM ] array (
  'sort' => 'id',
  'order' => 'desc',
  'offset' => '0',
  'limit' => '10',
  'filter' => '{}',
  'op' => '{}',
  '_' => '1539222432667',
)
[ info ] [ LANG ] F:\phpStudy\WWW\newproject\public/../application/admin\lang\zh-cn.php
[ info ] [ BEHAVIOR ] Run app\common\behavior\Common @module_init [ RunTime:0.000000s ]
[ info ] [ SESSION ] INIT array (
  'id' => '',
  'var_session_id' => '',
  'prefix' => 'think',
  'type' => '',
  'auto_start' => true,
)
[ info ] [ DB ] INIT mysql
[ info ] [ LANG ] F:\phpStudy\WWW\newproject\public/../application/admin/lang/zh-cn/office.php
[ info ] [ RUN ] app\admin\controller\Office->index[ F:\phpStudy\WWW\newproject\application\admin\controller\Office.php ]
[ info ] [ BEHAVIOR ] Run app\admin\behavior\AdminLog @app_end [ RunTime:0.000000s ]
[ info ] [ LOG ] INIT File
[ sql ] [ DB ] CONNECT:[ UseTime:0.001000s ] mysql:host=127.0.0.1;dbname=fastadmin;charset=utf8
[ sql ] [ SQL ] SHOW COLUMNS FROM `fa_auth_group_access` [ RunTime:0.010000s ]
[ sql ] [ SQL ] SELECT `aga`.`uid`,`aga`.`group_id`,`ag`.`id`,`ag`.`pid`,`ag`.`name`,`ag`.`rules` FROM `fa_auth_group_access` `aga` LEFT JOIN `fa_auth_group` `ag` ON `aga`.`group_id`=`ag`.`id` WHERE  (  aga.uid='1' and ag.status='normal' ) [ RunTime:0.001000s ]
[ sql ] [ SQL ] SHOW COLUMNS FROM `fa_auth_rule` [ RunTime:0.010000s ]
[ sql ] [ SQL ] SELECT `id`,`pid`,`condition`,`icon`,`name`,`title`,`ismenu` FROM `fa_auth_rule` WHERE  `status` = 'normal' [ RunTime:0.001000s ]
[ sql ] [ SQL ] SHOW COLUMNS FROM `fa_office` [ RunTime:0.010000s ]
[ sql ] [ SQL ] SELECT * FROM `fa_office` WHERE  (  `parentid` = 1  AND `status` = '0' ) ORDER BY `id` ASC [ RunTime:0.000000s ]
[ sql ] [ SQL ] SHOW COLUMNS FROM `fa_admin` [ RunTime:0.009000s ]
[ sql ] [ SQL ] SHOW COLUMNS FROM `fa_cityarea` [ RunTime:0.009000s ]
[ sql ] [ SQL ] SELECT COUNT(*) AS tp_count FROM `fa_office` `office` INNER JOIN `fa_admin` `admin` ON `office`.`edit_userid`=`admin`.`id` INNER JOIN `fa_cityarea` `cityarea` ON `office`.`cityid`=`cityarea`.`code` INNER JOIN `fa_office` `officeParentName` ON `office`.`parentid`=`officeParentName`.`id` ORDER BY `office`.`id` DESC LIMIT 1 [ RunTime:0.001000s ]
[ sql ] [ SQL ] SELECT `office`.`id`,`office`.`fullname`,`office`.`shortname`,`office`.`manager`,`office`.`telephone`,`office`.`mobile`,`office`.`open_time`,`office`.`close_time`,`office`.`address`,`office`.`lng`,`office`.`lat`,`office`.`status`,`office`.`isactivity`,`office`.`cityid`,`office`.`areaid`,`office`.`parentid`,`office`.`officeimages`,`office`.`edit_userid`,`office`.`createtime`,`office`.`updatetime`,admin.id AS admin__id,admin.username AS admin__username,admin.nickname AS admin__nickname,admin.password AS admin__password,admin.salt AS admin__salt,admin.avatar AS admin__avatar,admin.email AS admin__email,admin.loginfailure AS admin__loginfailure,admin.logintime AS admin__logintime,admin.createtime AS admin__createtime,admin.updatetime AS admin__updatetime,admin.token AS admin__token,admin.status AS admin__status,cityarea.code AS cityarea__code,cityarea.address AS cityarea__address,cityarea.parentId AS cityarea__parentId,cityarea.level AS cityarea__level,cityarea.created AS cityarea__created,officeParentName.id AS officeParentName__id,officeParentName.fullname AS officeParentName__fullname,officeParentName.shortname AS officeParentName__shortname,officeParentName.manager AS officeParentName__manager,officeParentName.telephone AS officeParentName__telephone,officeParentName.mobile AS officeParentName__mobile,officeParentName.open_time AS officeParentName__open_time,officeParentName.close_time AS officeParentName__close_time,officeParentName.address AS officeParentName__address,officeParentName.lng AS officeParentName__lng,officeParentName.lat AS officeParentName__lat,officeParentName.status AS officeParentName__status,officeParentName.isactivity AS officeParentName__isactivity,officeParentName.cityid AS officeParentName__cityid,officeParentName.areaid AS officeParentName__areaid,officeParentName.parentid AS officeParentName__parentid,officeParentName.officeimages AS officeParentName__officeimages,officeParentName.edit_userid AS officeParentName__edit_userid,officeParentName.createtime AS officeParentName__createtime,officeParentName.updatetime AS officeParentName__updatetime FROM `fa_office` `office` INNER JOIN `fa_admin` `admin` ON `office`.`edit_userid`=`admin`.`id` INNER JOIN `fa_cityarea` `cityarea` ON `office`.`cityid`=`cityarea`.`code` INNER JOIN `fa_office` `officeParentName` ON `office`.`parentid`=`officeParentName`.`id` ORDER BY `office`.`id` DESC LIMIT 0,10 [ RunTime:0.002000s ]
