[ 2018-10-19T15:09:23+08:00 ][ info ] [ BEHAVIOR ] Run Closure @app_init [ RunTime:0.025000s ]
[ info ] [ LOG ] INIT File
[ 2018-10-19T15:09:23+08:00 ][ info ] [ CACHE ] INIT File
[ 2018-10-19T15:09:23+08:00 ][ info ] [ BEHAVIOR ] Run Closure @app_init [ RunTime:0.005000s ]
[ 2018-10-19T15:09:23+08:00 ][ info ] [ DB ] INIT mysql
[ 2018-10-19T15:09:23+08:00 ][ sql ] [ DB ] CONNECT:[ UseTime:0.004000s ] mysql:host=127.0.0.1;dbname=fastadmin;charset=utf8
[ 2018-10-19T15:09:23+08:00 ][ sql ] [ SQL ] SHOW TABLE STATUS LIKE 'vehicle_model' [ RunTime:0.001000s ]
[ 2018-10-19T15:09:23+08:00 ][ sql ] [ SQL ] SHOW TABLE STATUS LIKE 'fa_vehicle_model' [ RunTime:0.002000s ]
[ 2018-10-19T15:09:23+08:00 ][ sql ] [ SQL ] SHOW TABLE STATUS LIKE 'admin' [ RunTime:0.001000s ]
[ 2018-10-19T15:09:23+08:00 ][ sql ] [ SQL ] SHOW TABLE STATUS LIKE 'fa_admin' [ RunTime:0.001000s ]
[ 2018-10-19T15:09:23+08:00 ][ sql ] [ SQL ] SHOW TABLE STATUS LIKE 'vehicle_brand' [ RunTime:0.001000s ]
[ 2018-10-19T15:09:23+08:00 ][ sql ] [ SQL ] SHOW TABLE STATUS LIKE 'fa_vehicle_brand' [ RunTime:0.002000s ]
[ 2018-10-19T15:09:23+08:00 ][ sql ] [ SQL ] SHOW TABLE STATUS LIKE 'vehicle_brand' [ RunTime:0.002000s ]
[ 2018-10-19T15:09:23+08:00 ][ sql ] [ SQL ] SHOW TABLE STATUS LIKE 'fa_vehicle_brand' [ RunTime:0.002000s ]
[ 2018-10-19T15:09:23+08:00 ][ sql ] [ SQL ] SELECT * FROM `information_schema`.`columns` WHERE TABLE_SCHEMA = 'fastadmin' AND table_name = 'fa_vehicle_model' ORDER BY ORDINAL_POSITION [ RunTime:0.012000s ]
[ 2018-10-19T15:09:23+08:00 ][ sql ] [ SQL ] SELECT * FROM `information_schema`.`columns` WHERE TABLE_SCHEMA = 'fastadmin' AND table_name = 'fa_admin' ORDER BY ORDINAL_POSITION [ RunTime:0.012000s ]
[ 2018-10-19T15:09:23+08:00 ][ sql ] [ SQL ] SELECT * FROM `information_schema`.`columns` WHERE TABLE_SCHEMA = 'fastadmin' AND table_name = 'fa_vehicle_brand' ORDER BY ORDINAL_POSITION [ RunTime:0.013000s ]
[ 2018-10-19T15:09:23+08:00 ][ sql ] [ SQL ] SELECT * FROM `information_schema`.`columns` WHERE TABLE_SCHEMA = 'fastadmin' AND table_name = 'fa_vehicle_brand' ORDER BY ORDINAL_POSITION [ RunTime:0.013000s ]
[ 2018-10-19T15:12:49+08:00 ][ info ] [ BEHAVIOR ] Run Closure @app_init [ RunTime:0.000000s ]
[ info ] [ LOG ] INIT File
[ 2018-10-19T15:12:49+08:00 ][ info ] [ CACHE ] INIT File
[ 2018-10-19T15:12:49+08:00 ][ info ] [ BEHAVIOR ] Run Closure @app_init [ RunTime:0.004000s ]
[ 2018-10-19T15:12:49+08:00 ][ info ] [ DB ] INIT mysql
[ 2018-10-19T15:12:49+08:00 ][ error ] [64]Cannot redeclare app\admin\model\VehicleModel::vehiclebrand()[F:\phpStudy\WWW\newproject\application\admin\model\VehicleModel.php:142]
[ 2018-10-19T15:15:42+08:00 ][ info ] [ BEHAVIOR ] Run Closure @app_init [ RunTime:0.000000s ]
[ info ] [ LOG ] INIT File
[ 2018-10-19T15:15:42+08:00 ][ info ] [ CACHE ] INIT File
[ 2018-10-19T15:15:42+08:00 ][ info ] [ BEHAVIOR ] Run Closure @app_init [ RunTime:0.005000s ]
[ 2018-10-19T15:15:42+08:00 ][ info ] [ DB ] INIT mysql
[ 2018-10-19T15:15:54+08:00 ][ info ] [ BEHAVIOR ] Run Closure @app_init [ RunTime:0.000000s ]
[ info ] [ LOG ] INIT File
[ 2018-10-19T15:15:54+08:00 ][ info ] [ CACHE ] INIT File
[ 2018-10-19T15:15:54+08:00 ][ info ] [ BEHAVIOR ] Run Closure @app_init [ RunTime:0.003000s ]
[ 2018-10-19T15:15:54+08:00 ][ info ] [ DB ] INIT mysql
[ 2018-10-19T15:15:54+08:00 ][ error ] [64]Cannot redeclare app\admin\model\VehicleModel::vehiclebrand()[F:\phpStudy\WWW\newproject\application\admin\model\VehicleModel.php:142]
[ 2018-10-19T15:17:59+08:00 ][ info ] [ BEHAVIOR ] Run Closure @app_init [ RunTime:0.000000s ]
[ info ] [ LOG ] INIT File
[ 2018-10-19T15:17:59+08:00 ][ info ] [ CACHE ] INIT File
[ 2018-10-19T15:17:59+08:00 ][ info ] [ BEHAVIOR ] Run Closure @app_init [ RunTime:0.005000s ]
[ 2018-10-19T15:17:59+08:00 ][ info ] [ DB ] INIT mysql
[ 2018-10-19T15:17:59+08:00 ][ sql ] [ DB ] CONNECT:[ UseTime:0.003000s ] mysql:host=127.0.0.1;dbname=fastadmin;charset=utf8
[ 2018-10-19T15:17:59+08:00 ][ sql ] [ SQL ] SHOW TABLE STATUS LIKE 'vehicle_model' [ RunTime:0.001000s ]
[ 2018-10-19T15:17:59+08:00 ][ sql ] [ SQL ] SHOW TABLE STATUS LIKE 'fa_vehicle_model' [ RunTime:0.001000s ]
[ 2018-10-19T15:18:22+08:00 ][ info ] [ BEHAVIOR ] Run Closure @app_init [ RunTime:0.000000s ]
[ info ] [ LOG ] INIT File
[ 2018-10-19T15:18:22+08:00 ][ info ] [ CACHE ] INIT File
[ 2018-10-19T15:18:22+08:00 ][ info ] [ BEHAVIOR ] Run Closure @app_init [ RunTime:0.004000s ]
[ 2018-10-19T15:18:22+08:00 ][ info ] [ DB ] INIT mysql
[ 2018-10-19T15:18:22+08:00 ][ sql ] [ DB ] CONNECT:[ UseTime:0.003000s ] mysql:host=127.0.0.1;dbname=fastadmin;charset=utf8
[ 2018-10-19T15:18:22+08:00 ][ sql ] [ SQL ] SHOW TABLE STATUS LIKE 'vehicle_model' [ RunTime:0.001000s ]
[ 2018-10-19T15:18:22+08:00 ][ sql ] [ SQL ] SHOW TABLE STATUS LIKE 'fa_vehicle_model' [ RunTime:0.001000s ]
[ 2018-10-19T15:32:18+08:00 ][ info ] [ BEHAVIOR ] Run Closure @app_init [ RunTime:0.000000s ]
[ info ] [ LOG ] INIT File
[ 2018-10-19T15:32:18+08:00 ][ info ] [ CACHE ] INIT File
[ 2018-10-19T15:32:18+08:00 ][ info ] [ BEHAVIOR ] Run Closure @app_init [ RunTime:0.004000s ]
[ 2018-10-19T15:32:18+08:00 ][ info ] [ DB ] INIT mysql
[ 2018-10-19T15:32:18+08:00 ][ sql ] [ DB ] CONNECT:[ UseTime:0.004000s ] mysql:host=127.0.0.1;dbname=fastadmin;charset=utf8
[ 2018-10-19T15:32:18+08:00 ][ sql ] [ SQL ] SHOW TABLE STATUS LIKE 'vehicle_model' [ RunTime:0.002000s ]
[ 2018-10-19T15:32:18+08:00 ][ sql ] [ SQL ] SHOW TABLE STATUS LIKE 'fa_vehicle_model' [ RunTime:0.002000s ]
[ 2018-10-19T15:32:18+08:00 ][ sql ] [ SQL ] SELECT * FROM `information_schema`.`columns` WHERE TABLE_SCHEMA = 'fastadmin' AND table_name = 'fa_vehicle_model' ORDER BY ORDINAL_POSITION [ RunTime:0.013000s ]
[ 2018-10-19T15:32:18+08:00 ][ info ] [ BEHAVIOR ] Run Closure @app_init [ RunTime:0.000000s ]
[ info ] [ LOG ] INIT File
[ 2018-10-19T15:32:18+08:00 ][ info ] [ CACHE ] INIT File
[ 2018-10-19T15:32:18+08:00 ][ info ] [ BEHAVIOR ] Run Closure @app_init [ RunTime:0.004000s ]
[ 2018-10-19T15:32:18+08:00 ][ info ] [ DB ] INIT mysql
[ 2018-10-19T15:32:18+08:00 ][ info ] [ LANG ] F:\phpStudy\WWW\newproject\application\admin\lang/zh-cn.php
[ 2018-10-19T15:32:18+08:00 ][ sql ] [ DB ] CONNECT:[ UseTime:0.003000s ] mysql:host=127.0.0.1;dbname=fastadmin;charset=utf8
[ 2018-10-19T15:32:18+08:00 ][ sql ] [ SQL ] SHOW COLUMNS FROM `fa_auth_rule` [ RunTime:0.012000s ]
[ 2018-10-19T15:32:18+08:00 ][ sql ] [ SQL ] SELECT * FROM `fa_auth_rule` WHERE  `name` = 'vehicle' LIMIT 1 [ RunTime:0.000000s ]
[ 2018-10-19T15:32:18+08:00 ][ sql ] [ SQL ] SELECT * FROM `fa_auth_rule` WHERE  `name` = 'vehicle/vehiclemodel' LIMIT 1 [ RunTime:0.001000s ]
[ 2018-10-19T15:32:18+08:00 ][ sql ] [ SQL ] INSERT INTO `fa_auth_rule` (`pid` , `name` , `title` , `icon` , `remark` , `ismenu` , `status` , `createtime` , `updatetime`) VALUES (318 , 'vehicle/vehiclemodel' , '车型信息' , 'fa fa-circle-o' , '' , 1 , 'normal' , 1539934338 , 1539934338) [ RunTime:0.042000s ]
[ 2018-10-19T15:32:18+08:00 ][ sql ] [ SQL ] SELECT `id` FROM `fa_auth_rule` WHERE  `name` = 'vehicle/vehiclemodel/index' LIMIT 1 [ RunTime:0.000000s ]
[ 2018-10-19T15:32:18+08:00 ][ sql ] [ SQL ] SELECT `id` FROM `fa_auth_rule` WHERE  `name` = 'vehicle/vehiclemodel/add' LIMIT 1 [ RunTime:0.000000s ]
[ 2018-10-19T15:32:18+08:00 ][ sql ] [ SQL ] SELECT `id` FROM `fa_auth_rule` WHERE  `name` = 'vehicle/vehiclemodel/edit' LIMIT 1 [ RunTime:0.001000s ]
[ 2018-10-19T15:32:18+08:00 ][ sql ] [ SQL ] SELECT `id` FROM `fa_auth_rule` WHERE  `name` = 'vehicle/vehiclemodel/del' LIMIT 1 [ RunTime:0.000000s ]
[ 2018-10-19T15:32:18+08:00 ][ sql ] [ SQL ] SELECT `id` FROM `fa_auth_rule` WHERE  `name` = 'vehicle/vehiclemodel/multi' LIMIT 1 [ RunTime:0.000000s ]
[ 2018-10-19T15:32:18+08:00 ][ sql ] [ SQL ] INSERT INTO `fa_auth_rule` (`id` , `pid` , `name` , `icon` , `title` , `ismenu` , `status` , `createtime` , `updatetime`) VALUES (NULL , 325 , 'vehicle/vehiclemodel/index' , 'fa fa-circle-o' , '查看' , 0 , 'normal' , 1539934338 , 1539934338) [ RunTime:0.000000s ]
[ 2018-10-19T15:32:18+08:00 ][ sql ] [ SQL ] INSERT INTO `fa_auth_rule` (`id` , `pid` , `name` , `icon` , `title` , `ismenu` , `status` , `createtime` , `updatetime`) VALUES (NULL , 325 , 'vehicle/vehiclemodel/add' , 'fa fa-circle-o' , '添加' , 0 , 'normal' , 1539934338 , 1539934338) [ RunTime:0.000000s ]
[ 2018-10-19T15:32:18+08:00 ][ sql ] [ SQL ] INSERT INTO `fa_auth_rule` (`id` , `pid` , `name` , `icon` , `title` , `ismenu` , `status` , `createtime` , `updatetime`) VALUES (NULL , 325 , 'vehicle/vehiclemodel/edit' , 'fa fa-circle-o' , '编辑' , 0 , 'normal' , 1539934338 , 1539934338) [ RunTime:0.001000s ]
[ 2018-10-19T15:32:18+08:00 ][ sql ] [ SQL ] INSERT INTO `fa_auth_rule` (`id` , `pid` , `name` , `icon` , `title` , `ismenu` , `status` , `createtime` , `updatetime`) VALUES (NULL , 325 , 'vehicle/vehiclemodel/del' , 'fa fa-circle-o' , '删除' , 0 , 'normal' , 1539934338 , 1539934338) [ RunTime:0.000000s ]
[ 2018-10-19T15:32:18+08:00 ][ sql ] [ SQL ] INSERT INTO `fa_auth_rule` (`id` , `pid` , `name` , `icon` , `title` , `ismenu` , `status` , `createtime` , `updatetime`) VALUES (NULL , 325 , 'vehicle/vehiclemodel/multi' , 'fa fa-circle-o' , '批量更新' , 0 , 'normal' , 1539934338 , 1539934338) [ RunTime:0.000000s ]
[ 2018-10-19T15:49:27+08:00 ][ info ] [ BEHAVIOR ] Run Closure @app_init [ RunTime:0.000000s ]
[ info ] [ LOG ] INIT File
[ 2018-10-19T15:49:27+08:00 ][ info ] [ CACHE ] INIT File
[ 2018-10-19T15:49:27+08:00 ][ info ] [ BEHAVIOR ] Run Closure @app_init [ RunTime:0.005000s ]
[ 2018-10-19T15:49:27+08:00 ][ info ] [ DB ] INIT mysql
[ 2018-10-19T15:49:27+08:00 ][ sql ] [ DB ] CONNECT:[ UseTime:0.003000s ] mysql:host=127.0.0.1;dbname=fastadmin;charset=utf8
[ 2018-10-19T15:49:27+08:00 ][ sql ] [ SQL ] SHOW TABLE STATUS LIKE 'vehicle_model' [ RunTime:0.002000s ]
[ 2018-10-19T15:49:27+08:00 ][ sql ] [ SQL ] SHOW TABLE STATUS LIKE 'fa_vehicle_model' [ RunTime:0.001000s ]
[ 2018-10-19T15:51:13+08:00 ][ info ] [ BEHAVIOR ] Run Closure @app_init [ RunTime:0.000000s ]
[ info ] [ LOG ] INIT File
[ 2018-10-19T15:51:13+08:00 ][ info ] [ CACHE ] INIT File
[ 2018-10-19T15:51:13+08:00 ][ info ] [ BEHAVIOR ] Run Closure @app_init [ RunTime:0.004000s ]
[ 2018-10-19T15:51:13+08:00 ][ info ] [ DB ] INIT mysql
[ 2018-10-19T15:51:13+08:00 ][ sql ] [ DB ] CONNECT:[ UseTime:0.003000s ] mysql:host=127.0.0.1;dbname=fastadmin;charset=utf8
[ 2018-10-19T15:51:13+08:00 ][ sql ] [ SQL ] SHOW TABLE STATUS LIKE 'vehicle_model' [ RunTime:0.001000s ]
[ 2018-10-19T15:51:13+08:00 ][ sql ] [ SQL ] SHOW TABLE STATUS LIKE 'fa_vehicle_model' [ RunTime:0.001000s ]
[ 2018-10-19T16:02:03+08:00 ][ info ] [ BEHAVIOR ] Run Closure @app_init [ RunTime:0.000000s ]
[ info ] [ LOG ] INIT File
[ 2018-10-19T16:02:03+08:00 ][ info ] [ CACHE ] INIT File
[ 2018-10-19T16:02:03+08:00 ][ info ] [ BEHAVIOR ] Run Closure @app_init [ RunTime:0.006000s ]
[ 2018-10-19T16:02:03+08:00 ][ info ] [ DB ] INIT mysql
[ 2018-10-19T16:02:03+08:00 ][ sql ] [ DB ] CONNECT:[ UseTime:0.003000s ] mysql:host=127.0.0.1;dbname=fastadmin;charset=utf8
[ 2018-10-19T16:02:03+08:00 ][ sql ] [ SQL ] SHOW COLUMNS FROM `fa_auth_rule` [ RunTime:0.010000s ]
[ 2018-10-19T16:02:03+08:00 ][ sql ] [ SQL ] SELECT * FROM `fa_auth_rule` WHERE  (  `name` LIKE 'vehicle/model%' ) [ RunTime:0.000000s ]
[ 2018-10-19T16:02:17+08:00 ][ info ] [ BEHAVIOR ] Run Closure @app_init [ RunTime:0.000000s ]
[ info ] [ LOG ] INIT File
[ 2018-10-19T16:02:17+08:00 ][ info ] [ CACHE ] INIT File
[ 2018-10-19T16:02:17+08:00 ][ info ] [ BEHAVIOR ] Run Closure @app_init [ RunTime:0.006000s ]
[ 2018-10-19T16:02:17+08:00 ][ info ] [ DB ] INIT mysql
[ 2018-10-19T16:02:17+08:00 ][ sql ] [ DB ] CONNECT:[ UseTime:0.003000s ] mysql:host=127.0.0.1;dbname=fastadmin;charset=utf8
[ 2018-10-19T16:02:17+08:00 ][ sql ] [ SQL ] SHOW COLUMNS FROM `fa_auth_rule` [ RunTime:0.010000s ]
[ 2018-10-19T16:02:17+08:00 ][ sql ] [ SQL ] SELECT * FROM `fa_auth_rule` WHERE  (  `name` LIKE 'model%' ) [ RunTime:0.001000s ]
[ 2018-10-19T16:02:28+08:00 ][ info ] [ BEHAVIOR ] Run Closure @app_init [ RunTime:0.000000s ]
[ info ] [ LOG ] INIT File
[ 2018-10-19T16:02:28+08:00 ][ info ] [ CACHE ] INIT File
[ 2018-10-19T16:02:28+08:00 ][ info ] [ BEHAVIOR ] Run Closure @app_init [ RunTime:0.006000s ]
[ 2018-10-19T16:02:28+08:00 ][ info ] [ DB ] INIT mysql
[ 2018-10-19T16:02:28+08:00 ][ sql ] [ DB ] CONNECT:[ UseTime:0.003000s ] mysql:host=127.0.0.1;dbname=fastadmin;charset=utf8
[ 2018-10-19T16:02:28+08:00 ][ sql ] [ SQL ] SHOW COLUMNS FROM `fa_auth_rule` [ RunTime:0.010000s ]
[ 2018-10-19T16:02:28+08:00 ][ sql ] [ SQL ] SELECT * FROM `fa_auth_rule` WHERE  (  `name` LIKE 'vehiclemodel%' ) [ RunTime:0.000000s ]
