[ 2018-10-20T08:31:14+08:00 ][ info ] [ BEHAVIOR ] Run Closure @app_init [ RunTime:0.000000s ]
[ info ] [ LOG ] INIT File
[ 2018-10-20T08:31:14+08:00 ][ info ] [ CACHE ] INIT File
[ 2018-10-20T08:31:14+08:00 ][ info ] [ BEHAVIOR ] Run Closure @app_init [ RunTime:0.005000s ]
[ 2018-10-20T08:31:14+08:00 ][ info ] [ DB ] INIT mysql
[ 2018-10-20T08:31:14+08:00 ][ sql ] [ DB ] CONNECT:[ UseTime:0.004000s ] mysql:host=127.0.0.1;dbname=fastadmin;charset=utf8
[ 2018-10-20T08:31:14+08:00 ][ sql ] [ SQL ] SHOW TABLE STATUS LIKE 'vehicle_model' [ RunTime:0.001000s ]
[ 2018-10-20T08:31:14+08:00 ][ sql ] [ SQL ] SHOW TABLE STATUS LIKE 'fa_vehicle_model' [ RunTime:0.002000s ]
[ 2018-10-20T08:31:14+08:00 ][ sql ] [ SQL ] SHOW TABLE STATUS LIKE 'vehicle_brand' [ RunTime:0.002000s ]
[ 2018-10-20T08:31:14+08:00 ][ sql ] [ SQL ] SHOW TABLE STATUS LIKE 'fa_vehicle_brand' [ RunTime:0.003000s ]
[ 2018-10-20T08:31:14+08:00 ][ sql ] [ SQL ] SELECT * FROM `information_schema`.`columns` WHERE TABLE_SCHEMA = 'fastadmin' AND table_name = 'fa_vehicle_model' ORDER BY ORDINAL_POSITION [ RunTime:0.009000s ]
[ 2018-10-20T08:31:14+08:00 ][ sql ] [ SQL ] SELECT * FROM `information_schema`.`columns` WHERE TABLE_SCHEMA = 'fastadmin' AND table_name = 'fa_vehicle_brand' ORDER BY ORDINAL_POSITION [ RunTime:0.010000s ]
[ 2018-10-20T08:31:14+08:00 ][ info ] [ BEHAVIOR ] Run Closure @app_init [ RunTime:0.000000s ]
[ info ] [ LOG ] INIT File
[ 2018-10-20T08:31:14+08:00 ][ info ] [ CACHE ] INIT File
[ 2018-10-20T08:31:14+08:00 ][ info ] [ BEHAVIOR ] Run Closure @app_init [ RunTime:0.006000s ]
[ 2018-10-20T08:31:15+08:00 ][ info ] [ DB ] INIT mysql
[ 2018-10-20T08:31:15+08:00 ][ info ] [ LANG ] F:\phpStudy\WWW\newproject\application\admin\lang/zh-cn.php
[ 2018-10-20T08:31:15+08:00 ][ sql ] [ DB ] CONNECT:[ UseTime:0.003000s ] mysql:host=127.0.0.1;dbname=fastadmin;charset=utf8
[ 2018-10-20T08:31:15+08:00 ][ sql ] [ SQL ] SHOW COLUMNS FROM `fa_auth_rule` [ RunTime:0.010000s ]
[ 2018-10-20T08:31:15+08:00 ][ sql ] [ SQL ] SELECT * FROM `fa_auth_rule` WHERE  `name` = 'vehicle' LIMIT 1 [ RunTime:0.000000s ]
[ 2018-10-20T08:31:15+08:00 ][ sql ] [ SQL ] SELECT * FROM `fa_auth_rule` WHERE  `name` = 'vehicle/model' LIMIT 1 [ RunTime:0.001000s ]
[ 2018-10-20T08:31:15+08:00 ][ sql ] [ SQL ] INSERT INTO `fa_auth_rule` (`pid` , `name` , `title` , `icon` , `remark` , `ismenu` , `status` , `createtime` , `updatetime`) VALUES (318 , 'vehicle/model' , '车型信息' , 'fa fa-circle-o' , '' , 1 , 'normal' , 1539995475 , 1539995475) [ RunTime:0.049000s ]
[ 2018-10-20T08:31:15+08:00 ][ sql ] [ SQL ] SELECT `id` FROM `fa_auth_rule` WHERE  `name` = 'vehicle/model/index' LIMIT 1 [ RunTime:0.001000s ]
[ 2018-10-20T08:31:15+08:00 ][ sql ] [ SQL ] SELECT `id` FROM `fa_auth_rule` WHERE  `name` = 'vehicle/model/add' LIMIT 1 [ RunTime:0.001000s ]
[ 2018-10-20T08:31:15+08:00 ][ sql ] [ SQL ] SELECT `id` FROM `fa_auth_rule` WHERE  `name` = 'vehicle/model/edit' LIMIT 1 [ RunTime:0.001000s ]
[ 2018-10-20T08:31:15+08:00 ][ sql ] [ SQL ] SELECT `id` FROM `fa_auth_rule` WHERE  `name` = 'vehicle/model/del' LIMIT 1 [ RunTime:0.001000s ]
[ 2018-10-20T08:31:15+08:00 ][ sql ] [ SQL ] SELECT `id` FROM `fa_auth_rule` WHERE  `name` = 'vehicle/model/multi' LIMIT 1 [ RunTime:0.001000s ]
[ 2018-10-20T08:31:15+08:00 ][ sql ] [ SQL ] INSERT INTO `fa_auth_rule` (`id` , `pid` , `name` , `icon` , `title` , `ismenu` , `status` , `createtime` , `updatetime`) VALUES (NULL , 331 , 'vehicle/model/index' , 'fa fa-circle-o' , '查看' , 0 , 'normal' , 1539995475 , 1539995475) [ RunTime:0.000000s ]
[ 2018-10-20T08:31:15+08:00 ][ sql ] [ SQL ] INSERT INTO `fa_auth_rule` (`id` , `pid` , `name` , `icon` , `title` , `ismenu` , `status` , `createtime` , `updatetime`) VALUES (NULL , 331 , 'vehicle/model/add' , 'fa fa-circle-o' , '添加' , 0 , 'normal' , 1539995475 , 1539995475) [ RunTime:0.000000s ]
[ 2018-10-20T08:31:15+08:00 ][ sql ] [ SQL ] INSERT INTO `fa_auth_rule` (`id` , `pid` , `name` , `icon` , `title` , `ismenu` , `status` , `createtime` , `updatetime`) VALUES (NULL , 331 , 'vehicle/model/edit' , 'fa fa-circle-o' , '编辑' , 0 , 'normal' , 1539995475 , 1539995475) [ RunTime:0.000000s ]
[ 2018-10-20T08:31:15+08:00 ][ sql ] [ SQL ] INSERT INTO `fa_auth_rule` (`id` , `pid` , `name` , `icon` , `title` , `ismenu` , `status` , `createtime` , `updatetime`) VALUES (NULL , 331 , 'vehicle/model/del' , 'fa fa-circle-o' , '删除' , 0 , 'normal' , 1539995475 , 1539995475) [ RunTime:0.001000s ]
[ 2018-10-20T08:31:15+08:00 ][ sql ] [ SQL ] INSERT INTO `fa_auth_rule` (`id` , `pid` , `name` , `icon` , `title` , `ismenu` , `status` , `createtime` , `updatetime`) VALUES (NULL , 331 , 'vehicle/model/multi' , 'fa fa-circle-o' , '批量更新' , 0 , 'normal' , 1539995475 , 1539995475) [ RunTime:0.000000s ]
[ 2018-10-20T08:39:28+08:00 ][ info ] [ BEHAVIOR ] Run Closure @app_init [ RunTime:0.000000s ]
[ info ] [ LOG ] INIT File
[ 2018-10-20T08:39:28+08:00 ][ info ] [ CACHE ] INIT File
[ 2018-10-20T08:39:28+08:00 ][ info ] [ BEHAVIOR ] Run Closure @app_init [ RunTime:0.005000s ]
[ 2018-10-20T08:39:28+08:00 ][ info ] [ DB ] INIT mysql
[ 2018-10-20T08:39:28+08:00 ][ sql ] [ DB ] CONNECT:[ UseTime:0.004000s ] mysql:host=127.0.0.1;dbname=fastadmin;charset=utf8
[ 2018-10-20T08:39:28+08:00 ][ sql ] [ SQL ] SHOW TABLE STATUS LIKE 'vehicle_model' [ RunTime:0.001000s ]
[ 2018-10-20T08:39:28+08:00 ][ sql ] [ SQL ] SHOW TABLE STATUS LIKE 'fa_vehicle_model' [ RunTime:0.001000s ]
[ 2018-10-20T08:40:10+08:00 ][ info ] [ BEHAVIOR ] Run Closure @app_init [ RunTime:0.000000s ]
[ info ] [ LOG ] INIT File
[ 2018-10-20T08:40:10+08:00 ][ info ] [ CACHE ] INIT File
[ 2018-10-20T08:40:10+08:00 ][ info ] [ BEHAVIOR ] Run Closure @app_init [ RunTime:0.006000s ]
[ 2018-10-20T08:40:10+08:00 ][ info ] [ DB ] INIT mysql
[ 2018-10-20T08:40:10+08:00 ][ sql ] [ DB ] CONNECT:[ UseTime:0.003000s ] mysql:host=127.0.0.1;dbname=fastadmin;charset=utf8
[ 2018-10-20T08:40:10+08:00 ][ sql ] [ SQL ] SHOW COLUMNS FROM `fa_auth_rule` [ RunTime:0.010000s ]
[ 2018-10-20T08:40:10+08:00 ][ sql ] [ SQL ] SELECT * FROM `fa_auth_rule` WHERE  (  `name` LIKE 'vehicle_model%' ) [ RunTime:0.001000s ]
[ 2018-10-20T08:40:19+08:00 ][ sql ] [ SQL ] SELECT * FROM `fa_auth_rule` WHERE  `id` IN (331,333,335,334,332,336) [ RunTime:0.002000s ]
[ 2018-10-20T08:40:19+08:00 ][ sql ] [ SQL ] DELETE FROM `fa_auth_rule`    WHERE  `id` = 331 [ RunTime:0.050000s ]
[ 2018-10-20T08:40:19+08:00 ][ sql ] [ SQL ] DELETE FROM `fa_auth_rule`    WHERE  `id` = 332 [ RunTime:0.028000s ]
[ 2018-10-20T08:40:19+08:00 ][ sql ] [ SQL ] DELETE FROM `fa_auth_rule`    WHERE  `id` = 333 [ RunTime:0.032000s ]
[ 2018-10-20T08:40:19+08:00 ][ sql ] [ SQL ] DELETE FROM `fa_auth_rule`    WHERE  `id` = 334 [ RunTime:0.029000s ]
[ 2018-10-20T08:40:20+08:00 ][ sql ] [ SQL ] DELETE FROM `fa_auth_rule`    WHERE  `id` = 335 [ RunTime:0.032000s ]
[ 2018-10-20T08:40:20+08:00 ][ sql ] [ SQL ] DELETE FROM `fa_auth_rule`    WHERE  `id` = 336 [ RunTime:0.029000s ]
[ 2018-10-20T08:58:45+08:00 ][ info ] [ BEHAVIOR ] Run Closure @app_init [ RunTime:0.000000s ]
[ info ] [ LOG ] INIT File
[ 2018-10-20T08:58:45+08:00 ][ info ] [ CACHE ] INIT File
[ 2018-10-20T08:58:45+08:00 ][ info ] [ BEHAVIOR ] Run Closure @app_init [ RunTime:0.006000s ]
[ 2018-10-20T08:58:45+08:00 ][ info ] [ DB ] INIT mysql
[ 2018-10-20T08:58:45+08:00 ][ sql ] [ DB ] CONNECT:[ UseTime:0.003000s ] mysql:host=127.0.0.1;dbname=fastadmin;charset=utf8
[ 2018-10-20T08:58:45+08:00 ][ sql ] [ SQL ] SHOW TABLE STATUS LIKE 'vehicle_model' [ RunTime:0.001000s ]
[ 2018-10-20T08:58:45+08:00 ][ sql ] [ SQL ] SHOW TABLE STATUS LIKE 'fa_vehicle_model' [ RunTime:0.003000s ]
[ 2018-10-20T08:58:45+08:00 ][ sql ] [ SQL ] SHOW TABLE STATUS LIKE 'vehicle_brand' [ RunTime:0.002000s ]
[ 2018-10-20T08:58:45+08:00 ][ sql ] [ SQL ] SHOW TABLE STATUS LIKE 'fa_vehicle_brand' [ RunTime:0.003000s ]
[ 2018-10-20T08:58:45+08:00 ][ sql ] [ SQL ] SHOW TABLE STATUS LIKE 'vehicle_brand' [ RunTime:0.002000s ]
[ 2018-10-20T08:58:45+08:00 ][ sql ] [ SQL ] SHOW TABLE STATUS LIKE 'fa_vehicle_brand' [ RunTime:0.001000s ]
[ 2018-10-20T08:58:45+08:00 ][ sql ] [ SQL ] SHOW TABLE STATUS LIKE 'admin' [ RunTime:0.001000s ]
[ 2018-10-20T08:58:45+08:00 ][ sql ] [ SQL ] SHOW TABLE STATUS LIKE 'fa_admin' [ RunTime:0.001000s ]
[ 2018-10-20T08:58:45+08:00 ][ sql ] [ SQL ] SELECT * FROM `information_schema`.`columns` WHERE TABLE_SCHEMA = 'fastadmin' AND table_name = 'fa_vehicle_model' ORDER BY ORDINAL_POSITION [ RunTime:0.010000s ]
[ 2018-10-20T08:58:45+08:00 ][ sql ] [ SQL ] SELECT * FROM `information_schema`.`columns` WHERE TABLE_SCHEMA = 'fastadmin' AND table_name = 'fa_vehicle_brand' ORDER BY ORDINAL_POSITION [ RunTime:0.009000s ]
[ 2018-10-20T08:58:45+08:00 ][ sql ] [ SQL ] SELECT * FROM `information_schema`.`columns` WHERE TABLE_SCHEMA = 'fastadmin' AND table_name = 'fa_vehicle_brand' ORDER BY ORDINAL_POSITION [ RunTime:0.010000s ]
[ 2018-10-20T08:58:45+08:00 ][ sql ] [ SQL ] SELECT * FROM `information_schema`.`columns` WHERE TABLE_SCHEMA = 'fastadmin' AND table_name = 'fa_admin' ORDER BY ORDINAL_POSITION [ RunTime:0.010000s ]
[ 2018-10-20T08:58:46+08:00 ][ info ] [ BEHAVIOR ] Run Closure @app_init [ RunTime:0.000000s ]
[ info ] [ LOG ] INIT File
[ 2018-10-20T08:58:46+08:00 ][ info ] [ CACHE ] INIT File
[ 2018-10-20T08:58:46+08:00 ][ info ] [ BEHAVIOR ] Run Closure @app_init [ RunTime:0.006000s ]
[ 2018-10-20T08:58:46+08:00 ][ info ] [ DB ] INIT mysql
[ 2018-10-20T08:58:46+08:00 ][ error ] [64]Cannot redeclare app\admin\model\VehicleModel::vehiclebrand()[F:\phpStudy\WWW\newproject\application\admin\model\VehicleModel.php:136]
[ 2018-10-20T08:59:52+08:00 ][ info ] [ BEHAVIOR ] Run Closure @app_init [ RunTime:0.001000s ]
[ info ] [ LOG ] INIT File
[ 2018-10-20T08:59:52+08:00 ][ info ] [ CACHE ] INIT File
[ 2018-10-20T08:59:52+08:00 ][ info ] [ BEHAVIOR ] Run Closure @app_init [ RunTime:0.007000s ]
[ 2018-10-20T08:59:52+08:00 ][ info ] [ DB ] INIT mysql
[ 2018-10-20T08:59:52+08:00 ][ sql ] [ DB ] CONNECT:[ UseTime:0.003000s ] mysql:host=127.0.0.1;dbname=fastadmin;charset=utf8
[ 2018-10-20T08:59:52+08:00 ][ sql ] [ SQL ] SHOW TABLE STATUS LIKE 'vehicle_model' [ RunTime:0.001000s ]
[ 2018-10-20T08:59:52+08:00 ][ sql ] [ SQL ] SHOW TABLE STATUS LIKE 'fa_vehicle_model' [ RunTime:0.001000s ]
[ 2018-10-20T09:00:08+08:00 ][ info ] [ BEHAVIOR ] Run Closure @app_init [ RunTime:0.000000s ]
[ info ] [ LOG ] INIT File
[ 2018-10-20T09:00:08+08:00 ][ info ] [ CACHE ] INIT File
[ 2018-10-20T09:00:08+08:00 ][ info ] [ BEHAVIOR ] Run Closure @app_init [ RunTime:0.006000s ]
[ 2018-10-20T09:00:09+08:00 ][ info ] [ DB ] INIT mysql
[ 2018-10-20T09:00:09+08:00 ][ sql ] [ DB ] CONNECT:[ UseTime:0.003000s ] mysql:host=127.0.0.1;dbname=fastadmin;charset=utf8
[ 2018-10-20T09:00:09+08:00 ][ sql ] [ SQL ] SHOW COLUMNS FROM `fa_auth_rule` [ RunTime:0.010000s ]
[ 2018-10-20T09:00:09+08:00 ][ sql ] [ SQL ] SELECT * FROM `fa_auth_rule` WHERE  (  `name` LIKE 'vehicle_model%' ) [ RunTime:0.000000s ]
[ 2018-10-20T09:01:23+08:00 ][ info ] [ BEHAVIOR ] Run Closure @app_init [ RunTime:0.000000s ]
[ info ] [ LOG ] INIT File
[ 2018-10-20T09:01:23+08:00 ][ info ] [ CACHE ] INIT File
[ 2018-10-20T09:01:23+08:00 ][ info ] [ BEHAVIOR ] Run Closure @app_init [ RunTime:0.007000s ]
[ 2018-10-20T09:01:23+08:00 ][ info ] [ DB ] INIT mysql
[ 2018-10-20T09:01:23+08:00 ][ sql ] [ DB ] CONNECT:[ UseTime:0.012000s ] mysql:host=127.0.0.1;dbname=fastadmin;charset=utf8
[ 2018-10-20T09:01:23+08:00 ][ sql ] [ SQL ] SHOW TABLE STATUS LIKE 'vehicle_model' [ RunTime:0.001000s ]
[ 2018-10-20T09:01:23+08:00 ][ sql ] [ SQL ] SHOW TABLE STATUS LIKE 'fa_vehicle_model' [ RunTime:0.001000s ]
[ 2018-10-20T09:01:23+08:00 ][ sql ] [ SQL ] SHOW TABLE STATUS LIKE 'vehicle_brand' [ RunTime:0.001000s ]
[ 2018-10-20T09:01:23+08:00 ][ sql ] [ SQL ] SHOW TABLE STATUS LIKE 'fa_vehicle_brand' [ RunTime:0.002000s ]
[ 2018-10-20T09:01:23+08:00 ][ sql ] [ SQL ] SHOW TABLE STATUS LIKE 'admin' [ RunTime:0.001000s ]
[ 2018-10-20T09:01:23+08:00 ][ sql ] [ SQL ] SHOW TABLE STATUS LIKE 'fa_admin' [ RunTime:0.001000s ]
[ 2018-10-20T09:01:23+08:00 ][ sql ] [ SQL ] SELECT * FROM `information_schema`.`columns` WHERE TABLE_SCHEMA = 'fastadmin' AND table_name = 'fa_vehicle_model' ORDER BY ORDINAL_POSITION [ RunTime:0.010000s ]
[ 2018-10-20T09:01:23+08:00 ][ sql ] [ SQL ] SELECT * FROM `information_schema`.`columns` WHERE TABLE_SCHEMA = 'fastadmin' AND table_name = 'fa_vehicle_brand' ORDER BY ORDINAL_POSITION [ RunTime:0.010000s ]
[ 2018-10-20T09:01:23+08:00 ][ sql ] [ SQL ] SELECT * FROM `information_schema`.`columns` WHERE TABLE_SCHEMA = 'fastadmin' AND table_name = 'fa_admin' ORDER BY ORDINAL_POSITION [ RunTime:0.009000s ]
[ 2018-10-20T09:01:23+08:00 ][ info ] [ BEHAVIOR ] Run Closure @app_init [ RunTime:0.000000s ]
[ info ] [ LOG ] INIT File
[ 2018-10-20T09:01:23+08:00 ][ info ] [ CACHE ] INIT File
[ 2018-10-20T09:01:23+08:00 ][ info ] [ BEHAVIOR ] Run Closure @app_init [ RunTime:0.006000s ]
[ 2018-10-20T09:01:23+08:00 ][ info ] [ DB ] INIT mysql
[ 2018-10-20T09:01:23+08:00 ][ info ] [ LANG ] F:\phpStudy\WWW\newproject\application\admin\lang/zh-cn.php
[ 2018-10-20T09:01:23+08:00 ][ sql ] [ DB ] CONNECT:[ UseTime:0.003000s ] mysql:host=127.0.0.1;dbname=fastadmin;charset=utf8
[ 2018-10-20T09:01:24+08:00 ][ sql ] [ SQL ] SHOW COLUMNS FROM `fa_auth_rule` [ RunTime:0.010000s ]
[ 2018-10-20T09:01:24+08:00 ][ sql ] [ SQL ] SELECT * FROM `fa_auth_rule` WHERE  `name` = 'vehicle' LIMIT 1 [ RunTime:0.001000s ]
[ 2018-10-20T09:01:24+08:00 ][ sql ] [ SQL ] SELECT * FROM `fa_auth_rule` WHERE  `name` = 'vehicle/model' LIMIT 1 [ RunTime:0.001000s ]
[ 2018-10-20T09:01:24+08:00 ][ sql ] [ SQL ] INSERT INTO `fa_auth_rule` (`pid` , `name` , `title` , `icon` , `remark` , `ismenu` , `status` , `createtime` , `updatetime`) VALUES (318 , 'vehicle/model' , '车型信息' , 'fa fa-circle-o' , '' , 1 , 'normal' , 1539997284 , 1539997284) [ RunTime:0.048000s ]
[ 2018-10-20T09:01:24+08:00 ][ sql ] [ SQL ] SELECT `id` FROM `fa_auth_rule` WHERE  `name` = 'vehicle/model/index' LIMIT 1 [ RunTime:0.001000s ]
[ 2018-10-20T09:01:24+08:00 ][ sql ] [ SQL ] SELECT `id` FROM `fa_auth_rule` WHERE  `name` = 'vehicle/model/add' LIMIT 1 [ RunTime:0.001000s ]
[ 2018-10-20T09:01:24+08:00 ][ sql ] [ SQL ] SELECT `id` FROM `fa_auth_rule` WHERE  `name` = 'vehicle/model/edit' LIMIT 1 [ RunTime:0.001000s ]
[ 2018-10-20T09:01:24+08:00 ][ sql ] [ SQL ] SELECT `id` FROM `fa_auth_rule` WHERE  `name` = 'vehicle/model/del' LIMIT 1 [ RunTime:0.001000s ]
[ 2018-10-20T09:01:24+08:00 ][ sql ] [ SQL ] SELECT `id` FROM `fa_auth_rule` WHERE  `name` = 'vehicle/model/multi' LIMIT 1 [ RunTime:0.002000s ]
[ 2018-10-20T09:01:24+08:00 ][ sql ] [ SQL ] INSERT INTO `fa_auth_rule` (`id` , `pid` , `name` , `icon` , `title` , `ismenu` , `status` , `createtime` , `updatetime`) VALUES (NULL , 337 , 'vehicle/model/index' , 'fa fa-circle-o' , '查看' , 0 , 'normal' , 1539997284 , 1539997284) [ RunTime:0.001000s ]
[ 2018-10-20T09:01:24+08:00 ][ sql ] [ SQL ] INSERT INTO `fa_auth_rule` (`id` , `pid` , `name` , `icon` , `title` , `ismenu` , `status` , `createtime` , `updatetime`) VALUES (NULL , 337 , 'vehicle/model/add' , 'fa fa-circle-o' , '添加' , 0 , 'normal' , 1539997284 , 1539997284) [ RunTime:0.001000s ]
[ 2018-10-20T09:01:24+08:00 ][ sql ] [ SQL ] INSERT INTO `fa_auth_rule` (`id` , `pid` , `name` , `icon` , `title` , `ismenu` , `status` , `createtime` , `updatetime`) VALUES (NULL , 337 , 'vehicle/model/edit' , 'fa fa-circle-o' , '编辑' , 0 , 'normal' , 1539997284 , 1539997284) [ RunTime:0.000000s ]
[ 2018-10-20T09:01:24+08:00 ][ sql ] [ SQL ] INSERT INTO `fa_auth_rule` (`id` , `pid` , `name` , `icon` , `title` , `ismenu` , `status` , `createtime` , `updatetime`) VALUES (NULL , 337 , 'vehicle/model/del' , 'fa fa-circle-o' , '删除' , 0 , 'normal' , 1539997284 , 1539997284) [ RunTime:0.001000s ]
[ 2018-10-20T09:01:24+08:00 ][ sql ] [ SQL ] INSERT INTO `fa_auth_rule` (`id` , `pid` , `name` , `icon` , `title` , `ismenu` , `status` , `createtime` , `updatetime`) VALUES (NULL , 337 , 'vehicle/model/multi' , 'fa fa-circle-o' , '批量更新' , 0 , 'normal' , 1539997284 , 1539997284) [ RunTime:0.000000s ]
[ 2018-10-20T09:02:40+08:00 ][ info ] [ BEHAVIOR ] Run Closure @app_init [ RunTime:0.000000s ]
[ info ] [ LOG ] INIT File
[ 2018-10-20T09:02:40+08:00 ][ info ] [ CACHE ] INIT File
[ 2018-10-20T09:02:40+08:00 ][ info ] [ BEHAVIOR ] Run Closure @app_init [ RunTime:0.006000s ]
[ 2018-10-20T09:02:40+08:00 ][ info ] [ DB ] INIT mysql
[ 2018-10-20T09:02:40+08:00 ][ info ] [ LANG ] F:\phpStudy\WWW\newproject\application\admin\lang/zh-cn.php
[ 2018-10-20T09:02:40+08:00 ][ sql ] [ DB ] CONNECT:[ UseTime:0.013000s ] mysql:host=127.0.0.1;dbname=fastadmin;charset=utf8
[ 2018-10-20T09:02:40+08:00 ][ sql ] [ SQL ] SHOW COLUMNS FROM `fa_auth_rule` [ RunTime:0.009000s ]
[ 2018-10-20T09:02:40+08:00 ][ sql ] [ SQL ] SELECT * FROM `fa_auth_rule` WHERE  `name` = 'vehicle' LIMIT 1 [ RunTime:0.000000s ]
[ 2018-10-20T09:02:40+08:00 ][ sql ] [ SQL ] SELECT * FROM `fa_auth_rule` WHERE  `name` = 'vehicle/model' LIMIT 1 [ RunTime:0.001000s ]
[ 2018-10-20T09:02:40+08:00 ][ sql ] [ SQL ] SELECT `id` FROM `fa_auth_rule` WHERE  `name` = 'vehicle/model/index' LIMIT 1 [ RunTime:0.001000s ]
[ 2018-10-20T09:02:40+08:00 ][ sql ] [ SQL ] SELECT `id` FROM `fa_auth_rule` WHERE  `name` = 'vehicle/model/add' LIMIT 1 [ RunTime:0.000000s ]
[ 2018-10-20T09:02:40+08:00 ][ sql ] [ SQL ] SELECT `id` FROM `fa_auth_rule` WHERE  `name` = 'vehicle/model/edit' LIMIT 1 [ RunTime:0.001000s ]
[ 2018-10-20T09:02:40+08:00 ][ sql ] [ SQL ] SELECT `id` FROM `fa_auth_rule` WHERE  `name` = 'vehicle/model/del' LIMIT 1 [ RunTime:0.001000s ]
[ 2018-10-20T09:02:40+08:00 ][ sql ] [ SQL ] SELECT `id` FROM `fa_auth_rule` WHERE  `name` = 'vehicle/model/multi' LIMIT 1 [ RunTime:0.000000s ]
[ 2018-10-20T09:02:40+08:00 ][ sql ] [ SQL ] UPDATE `fa_auth_rule`  SET `pid`=337,`name`='vehicle/model/index',`icon`='fa fa-circle-o',`title`='查看',`ismenu`=0,`status`='normal',`updatetime`=1539997360  WHERE  `id` = 338 [ RunTime:0.000000s ]
[ 2018-10-20T09:02:40+08:00 ][ sql ] [ SQL ] UPDATE `fa_auth_rule`  SET `pid`=337,`name`='vehicle/model/add',`icon`='fa fa-circle-o',`title`='添加',`ismenu`=0,`status`='normal',`updatetime`=1539997360  WHERE  `id` = 339 [ RunTime:0.000000s ]
[ 2018-10-20T09:02:40+08:00 ][ sql ] [ SQL ] UPDATE `fa_auth_rule`  SET `pid`=337,`name`='vehicle/model/edit',`icon`='fa fa-circle-o',`title`='编辑',`ismenu`=0,`status`='normal',`updatetime`=1539997360  WHERE  `id` = 340 [ RunTime:0.000000s ]
[ 2018-10-20T09:02:40+08:00 ][ sql ] [ SQL ] UPDATE `fa_auth_rule`  SET `pid`=337,`name`='vehicle/model/del',`icon`='fa fa-circle-o',`title`='删除',`ismenu`=0,`status`='normal',`updatetime`=1539997360  WHERE  `id` = 341 [ RunTime:0.001000s ]
[ 2018-10-20T09:02:40+08:00 ][ sql ] [ SQL ] UPDATE `fa_auth_rule`  SET `pid`=337,`name`='vehicle/model/multi',`icon`='fa fa-circle-o',`title`='批量更新',`ismenu`=0,`status`='normal',`updatetime`=1539997360  WHERE  `id` = 342 [ RunTime:0.000000s ]
[ 2018-10-20T11:50:36+08:00 ][ info ] [ BEHAVIOR ] Run Closure @app_init [ RunTime:0.000000s ]
[ info ] [ LOG ] INIT File
[ 2018-10-20T11:50:36+08:00 ][ info ] [ CACHE ] INIT File
[ 2018-10-20T11:50:36+08:00 ][ info ] [ BEHAVIOR ] Run Closure @app_init [ RunTime:0.006000s ]
[ 2018-10-20T11:50:36+08:00 ][ info ] [ DB ] INIT mysql
[ 2018-10-20T11:50:36+08:00 ][ sql ] [ DB ] CONNECT:[ UseTime:0.004000s ] mysql:host=127.0.0.1;dbname=fastadmin;charset=utf8
[ 2018-10-20T11:50:36+08:00 ][ sql ] [ SQL ] SHOW COLUMNS FROM `fa_auth_rule` [ RunTime:0.011000s ]
[ 2018-10-20T11:50:36+08:00 ][ sql ] [ SQL ] SELECT * FROM `fa_auth_rule` WHERE  (  `name` LIKE 'vehicle_model%' ) [ RunTime:0.000000s ]
[ 2018-10-20T11:50:39+08:00 ][ sql ] [ SQL ] SELECT * FROM `fa_auth_rule` WHERE  `id` IN (337,339,341,340,338,342) [ RunTime:0.001000s ]
[ 2018-10-20T11:50:39+08:00 ][ sql ] [ SQL ] DELETE FROM `fa_auth_rule`    WHERE  `id` = 337 [ RunTime:0.043000s ]
[ 2018-10-20T11:50:39+08:00 ][ sql ] [ SQL ] DELETE FROM `fa_auth_rule`    WHERE  `id` = 338 [ RunTime:0.090000s ]
[ 2018-10-20T11:50:39+08:00 ][ sql ] [ SQL ] DELETE FROM `fa_auth_rule`    WHERE  `id` = 339 [ RunTime:0.106000s ]
[ 2018-10-20T11:50:39+08:00 ][ sql ] [ SQL ] DELETE FROM `fa_auth_rule`    WHERE  `id` = 340 [ RunTime:0.063000s ]
[ 2018-10-20T11:50:39+08:00 ][ sql ] [ SQL ] DELETE FROM `fa_auth_rule`    WHERE  `id` = 341 [ RunTime:0.025000s ]
[ 2018-10-20T11:50:39+08:00 ][ sql ] [ SQL ] DELETE FROM `fa_auth_rule`    WHERE  `id` = 342 [ RunTime:0.029000s ]
[ 2018-10-20T11:50:55+08:00 ][ info ] [ BEHAVIOR ] Run Closure @app_init [ RunTime:0.000000s ]
[ info ] [ LOG ] INIT File
[ 2018-10-20T11:50:55+08:00 ][ info ] [ CACHE ] INIT File
[ 2018-10-20T11:50:55+08:00 ][ info ] [ BEHAVIOR ] Run Closure @app_init [ RunTime:0.007000s ]
[ 2018-10-20T11:50:55+08:00 ][ info ] [ DB ] INIT mysql
[ 2018-10-20T11:50:55+08:00 ][ sql ] [ DB ] CONNECT:[ UseTime:0.012000s ] mysql:host=127.0.0.1;dbname=fastadmin;charset=utf8
[ 2018-10-20T11:50:55+08:00 ][ sql ] [ SQL ] SHOW TABLE STATUS LIKE 'vehicle_model' [ RunTime:0.001000s ]
[ 2018-10-20T11:50:55+08:00 ][ sql ] [ SQL ] SHOW TABLE STATUS LIKE 'fa_vehicle_model' [ RunTime:0.003000s ]
[ 2018-10-20T11:52:11+08:00 ][ info ] [ BEHAVIOR ] Run Closure @app_init [ RunTime:0.000000s ]
[ info ] [ LOG ] INIT File
[ 2018-10-20T11:52:11+08:00 ][ info ] [ CACHE ] INIT File
[ 2018-10-20T11:52:11+08:00 ][ info ] [ BEHAVIOR ] Run Closure @app_init [ RunTime:0.006000s ]
[ 2018-10-20T11:52:11+08:00 ][ info ] [ DB ] INIT mysql
[ 2018-10-20T11:52:11+08:00 ][ sql ] [ DB ] CONNECT:[ UseTime:0.003000s ] mysql:host=127.0.0.1;dbname=fastadmin;charset=utf8
[ 2018-10-20T11:52:11+08:00 ][ sql ] [ SQL ] SHOW TABLE STATUS LIKE 'vehicle_model' [ RunTime:0.001000s ]
[ 2018-10-20T11:52:11+08:00 ][ sql ] [ SQL ] SHOW TABLE STATUS LIKE 'fa_vehicle_model' [ RunTime:0.002000s ]
[ 2018-10-20T11:52:11+08:00 ][ sql ] [ SQL ] SELECT * FROM `information_schema`.`columns` WHERE TABLE_SCHEMA = 'fastadmin' AND table_name = 'fa_vehicle_model' ORDER BY ORDINAL_POSITION [ RunTime:0.010000s ]
[ 2018-10-20T11:52:11+08:00 ][ info ] [ BEHAVIOR ] Run Closure @app_init [ RunTime:0.000000s ]
[ info ] [ LOG ] INIT File
[ 2018-10-20T11:52:11+08:00 ][ info ] [ CACHE ] INIT File
[ 2018-10-20T11:52:11+08:00 ][ info ] [ BEHAVIOR ] Run Closure @app_init [ RunTime:0.005000s ]
[ 2018-10-20T11:52:11+08:00 ][ info ] [ DB ] INIT mysql
[ 2018-10-20T11:52:11+08:00 ][ info ] [ LANG ] F:\phpStudy\WWW\newproject\application\admin\lang/zh-cn.php
[ 2018-10-20T11:52:11+08:00 ][ sql ] [ DB ] CONNECT:[ UseTime:0.003000s ] mysql:host=127.0.0.1;dbname=fastadmin;charset=utf8
[ 2018-10-20T11:52:11+08:00 ][ sql ] [ SQL ] SHOW COLUMNS FROM `fa_auth_rule` [ RunTime:0.011000s ]
[ 2018-10-20T11:52:11+08:00 ][ sql ] [ SQL ] SELECT * FROM `fa_auth_rule` WHERE  `name` = 'vehicle' LIMIT 1 [ RunTime:0.001000s ]
[ 2018-10-20T11:52:11+08:00 ][ sql ] [ SQL ] SELECT * FROM `fa_auth_rule` WHERE  `name` = 'vehicle/model' LIMIT 1 [ RunTime:0.001000s ]
[ 2018-10-20T11:52:11+08:00 ][ sql ] [ SQL ] INSERT INTO `fa_auth_rule` (`pid` , `name` , `title` , `icon` , `remark` , `ismenu` , `status` , `createtime` , `updatetime`) VALUES (318 , 'vehicle/model' , '车型信息' , 'fa fa-circle-o' , '' , 1 , 'normal' , 1540007531 , 1540007531) [ RunTime:0.050000s ]
[ 2018-10-20T11:52:11+08:00 ][ sql ] [ SQL ] SELECT `id` FROM `fa_auth_rule` WHERE  `name` = 'vehicle/model/index' LIMIT 1 [ RunTime:0.002000s ]
[ 2018-10-20T11:52:11+08:00 ][ sql ] [ SQL ] SELECT `id` FROM `fa_auth_rule` WHERE  `name` = 'vehicle/model/add' LIMIT 1 [ RunTime:0.001000s ]
[ 2018-10-20T11:52:11+08:00 ][ sql ] [ SQL ] SELECT `id` FROM `fa_auth_rule` WHERE  `name` = 'vehicle/model/edit' LIMIT 1 [ RunTime:0.001000s ]
[ 2018-10-20T11:52:11+08:00 ][ sql ] [ SQL ] SELECT `id` FROM `fa_auth_rule` WHERE  `name` = 'vehicle/model/del' LIMIT 1 [ RunTime:0.001000s ]
[ 2018-10-20T11:52:11+08:00 ][ sql ] [ SQL ] SELECT `id` FROM `fa_auth_rule` WHERE  `name` = 'vehicle/model/multi' LIMIT 1 [ RunTime:0.001000s ]
[ 2018-10-20T11:52:11+08:00 ][ sql ] [ SQL ] INSERT INTO `fa_auth_rule` (`id` , `pid` , `name` , `icon` , `title` , `ismenu` , `status` , `createtime` , `updatetime`) VALUES (NULL , 343 , 'vehicle/model/index' , 'fa fa-circle-o' , '查看' , 0 , 'normal' , 1540007531 , 1540007531) [ RunTime:0.001000s ]
[ 2018-10-20T11:52:11+08:00 ][ sql ] [ SQL ] INSERT INTO `fa_auth_rule` (`id` , `pid` , `name` , `icon` , `title` , `ismenu` , `status` , `createtime` , `updatetime`) VALUES (NULL , 343 , 'vehicle/model/add' , 'fa fa-circle-o' , '添加' , 0 , 'normal' , 1540007531 , 1540007531) [ RunTime:0.000000s ]
[ 2018-10-20T11:52:11+08:00 ][ sql ] [ SQL ] INSERT INTO `fa_auth_rule` (`id` , `pid` , `name` , `icon` , `title` , `ismenu` , `status` , `createtime` , `updatetime`) VALUES (NULL , 343 , 'vehicle/model/edit' , 'fa fa-circle-o' , '编辑' , 0 , 'normal' , 1540007531 , 1540007531) [ RunTime:0.000000s ]
[ 2018-10-20T11:52:11+08:00 ][ sql ] [ SQL ] INSERT INTO `fa_auth_rule` (`id` , `pid` , `name` , `icon` , `title` , `ismenu` , `status` , `createtime` , `updatetime`) VALUES (NULL , 343 , 'vehicle/model/del' , 'fa fa-circle-o' , '删除' , 0 , 'normal' , 1540007531 , 1540007531) [ RunTime:0.000000s ]
[ 2018-10-20T11:52:11+08:00 ][ sql ] [ SQL ] INSERT INTO `fa_auth_rule` (`id` , `pid` , `name` , `icon` , `title` , `ismenu` , `status` , `createtime` , `updatetime`) VALUES (NULL , 343 , 'vehicle/model/multi' , 'fa fa-circle-o' , '批量更新' , 0 , 'normal' , 1540007531 , 1540007531) [ RunTime:0.000000s ]
[ 2018-10-20T13:07:34+08:00 ][ info ] [ BEHAVIOR ] Run Closure @app_init [ RunTime:0.000000s ]
[ info ] [ LOG ] INIT File
[ 2018-10-20T13:07:34+08:00 ][ info ] [ CACHE ] INIT File
[ 2018-10-20T13:07:34+08:00 ][ info ] [ BEHAVIOR ] Run Closure @app_init [ RunTime:0.006000s ]
[ 2018-10-20T13:07:34+08:00 ][ info ] [ DB ] INIT mysql
[ 2018-10-20T13:07:34+08:00 ][ sql ] [ DB ] CONNECT:[ UseTime:0.003000s ] mysql:host=127.0.0.1;dbname=fastadmin;charset=utf8
[ 2018-10-20T13:07:34+08:00 ][ sql ] [ SQL ] SHOW COLUMNS FROM `fa_auth_rule` [ RunTime:0.011000s ]
[ 2018-10-20T13:07:34+08:00 ][ sql ] [ SQL ] SELECT * FROM `fa_auth_rule` WHERE  (  `name` LIKE 'vehicle_model%' ) [ RunTime:0.001000s ]
[ 2018-10-20T13:07:36+08:00 ][ sql ] [ SQL ] SELECT * FROM `fa_auth_rule` WHERE  `id` IN (343,345,347,346,344,348) [ RunTime:0.002000s ]
[ 2018-10-20T13:07:36+08:00 ][ sql ] [ SQL ] DELETE FROM `fa_auth_rule`    WHERE  `id` = 343 [ RunTime:0.040000s ]
[ 2018-10-20T13:07:36+08:00 ][ sql ] [ SQL ] DELETE FROM `fa_auth_rule`    WHERE  `id` = 344 [ RunTime:0.027000s ]
[ 2018-10-20T13:07:36+08:00 ][ sql ] [ SQL ] DELETE FROM `fa_auth_rule`    WHERE  `id` = 345 [ RunTime:0.028000s ]
[ 2018-10-20T13:07:36+08:00 ][ sql ] [ SQL ] DELETE FROM `fa_auth_rule`    WHERE  `id` = 346 [ RunTime:0.026000s ]
[ 2018-10-20T13:07:37+08:00 ][ sql ] [ SQL ] DELETE FROM `fa_auth_rule`    WHERE  `id` = 347 [ RunTime:0.067000s ]
[ 2018-10-20T13:07:37+08:00 ][ sql ] [ SQL ] DELETE FROM `fa_auth_rule`    WHERE  `id` = 348 [ RunTime:0.042000s ]
[ 2018-10-20T13:07:52+08:00 ][ info ] [ BEHAVIOR ] Run Closure @app_init [ RunTime:0.000000s ]
[ info ] [ LOG ] INIT File
[ 2018-10-20T13:07:52+08:00 ][ info ] [ CACHE ] INIT File
[ 2018-10-20T13:07:52+08:00 ][ info ] [ BEHAVIOR ] Run Closure @app_init [ RunTime:0.006000s ]
[ 2018-10-20T13:07:52+08:00 ][ info ] [ DB ] INIT mysql
[ 2018-10-20T13:07:52+08:00 ][ sql ] [ DB ] CONNECT:[ UseTime:0.004000s ] mysql:host=127.0.0.1;dbname=fastadmin;charset=utf8
[ 2018-10-20T13:07:52+08:00 ][ sql ] [ SQL ] SHOW TABLE STATUS LIKE 'vehicle_model' [ RunTime:0.002000s ]
[ 2018-10-20T13:07:52+08:00 ][ sql ] [ SQL ] SHOW TABLE STATUS LIKE 'fa_vehicle_model' [ RunTime:0.002000s ]
[ 2018-10-20T13:12:07+08:00 ][ info ] [ BEHAVIOR ] Run Closure @app_init [ RunTime:0.000000s ]
[ info ] [ LOG ] INIT File
[ 2018-10-20T13:12:07+08:00 ][ info ] [ CACHE ] INIT File
[ 2018-10-20T13:12:07+08:00 ][ info ] [ BEHAVIOR ] Run Closure @app_init [ RunTime:0.006000s ]
[ 2018-10-20T13:12:07+08:00 ][ info ] [ DB ] INIT mysql
[ 2018-10-20T13:12:07+08:00 ][ sql ] [ DB ] CONNECT:[ UseTime:0.003000s ] mysql:host=127.0.0.1;dbname=fastadmin;charset=utf8
[ 2018-10-20T13:12:07+08:00 ][ sql ] [ SQL ] SHOW TABLE STATUS LIKE 'vehicle_model' [ RunTime:0.001000s ]
[ 2018-10-20T13:12:07+08:00 ][ sql ] [ SQL ] SHOW TABLE STATUS LIKE 'fa_vehicle_model' [ RunTime:0.001000s ]
[ 2018-10-20T13:12:07+08:00 ][ sql ] [ SQL ] SHOW TABLE STATUS LIKE 'vehicle_brand' [ RunTime:0.001000s ]
[ 2018-10-20T13:12:07+08:00 ][ sql ] [ SQL ] SHOW TABLE STATUS LIKE 'fa_vehicle_brand' [ RunTime:0.002000s ]
[ 2018-10-20T13:12:07+08:00 ][ sql ] [ SQL ] SHOW TABLE STATUS LIKE 'admin' [ RunTime:0.001000s ]
[ 2018-10-20T13:12:07+08:00 ][ sql ] [ SQL ] SHOW TABLE STATUS LIKE 'fa_admin' [ RunTime:0.001000s ]
[ 2018-10-20T13:12:07+08:00 ][ sql ] [ SQL ] SELECT * FROM `information_schema`.`columns` WHERE TABLE_SCHEMA = 'fastadmin' AND table_name = 'fa_vehicle_model' ORDER BY ORDINAL_POSITION [ RunTime:0.010000s ]
[ 2018-10-20T13:12:07+08:00 ][ sql ] [ SQL ] SELECT * FROM `information_schema`.`columns` WHERE TABLE_SCHEMA = 'fastadmin' AND table_name = 'fa_vehicle_brand' ORDER BY ORDINAL_POSITION [ RunTime:0.009000s ]
[ 2018-10-20T13:12:07+08:00 ][ sql ] [ SQL ] SELECT * FROM `information_schema`.`columns` WHERE TABLE_SCHEMA = 'fastadmin' AND table_name = 'fa_admin' ORDER BY ORDINAL_POSITION [ RunTime:0.010000s ]
[ 2018-10-20T13:12:33+08:00 ][ info ] [ BEHAVIOR ] Run Closure @app_init [ RunTime:0.001000s ]
[ info ] [ LOG ] INIT File
[ 2018-10-20T13:12:33+08:00 ][ info ] [ CACHE ] INIT File
[ 2018-10-20T13:12:33+08:00 ][ info ] [ BEHAVIOR ] Run Closure @app_init [ RunTime:0.006000s ]
[ 2018-10-20T13:12:33+08:00 ][ info ] [ DB ] INIT mysql
[ 2018-10-20T13:12:47+08:00 ][ info ] [ BEHAVIOR ] Run Closure @app_init [ RunTime:0.000000s ]
[ info ] [ LOG ] INIT File
[ 2018-10-20T13:12:47+08:00 ][ info ] [ CACHE ] INIT File
[ 2018-10-20T13:12:47+08:00 ][ info ] [ BEHAVIOR ] Run Closure @app_init [ RunTime:0.006000s ]
[ 2018-10-20T13:12:47+08:00 ][ info ] [ DB ] INIT mysql
[ 2018-10-20T13:13:22+08:00 ][ info ] [ BEHAVIOR ] Run Closure @app_init [ RunTime:0.000000s ]
[ info ] [ LOG ] INIT File
[ 2018-10-20T13:13:22+08:00 ][ info ] [ CACHE ] INIT File
[ 2018-10-20T13:13:22+08:00 ][ info ] [ BEHAVIOR ] Run Closure @app_init [ RunTime:0.005000s ]
[ 2018-10-20T13:13:22+08:00 ][ info ] [ DB ] INIT mysql
[ 2018-10-20T13:13:22+08:00 ][ info ] [ LANG ] F:\phpStudy\WWW\newproject\application\admin\lang/zh-cn.php
[ 2018-10-20T13:13:22+08:00 ][ sql ] [ DB ] CONNECT:[ UseTime:0.003000s ] mysql:host=127.0.0.1;dbname=fastadmin;charset=utf8
[ 2018-10-20T13:13:22+08:00 ][ sql ] [ SQL ] SHOW COLUMNS FROM `fa_auth_rule` [ RunTime:0.010000s ]
[ 2018-10-20T13:13:22+08:00 ][ sql ] [ SQL ] SELECT * FROM `fa_auth_rule` WHERE  `name` = 'vehicle' LIMIT 1 [ RunTime:0.001000s ]
[ 2018-10-20T13:13:22+08:00 ][ sql ] [ SQL ] SELECT * FROM `fa_auth_rule` WHERE  `name` = 'vehicle/model' LIMIT 1 [ RunTime:0.000000s ]
[ 2018-10-20T13:13:22+08:00 ][ sql ] [ SQL ] INSERT INTO `fa_auth_rule` (`pid` , `name` , `title` , `icon` , `remark` , `ismenu` , `status` , `createtime` , `updatetime`) VALUES (318 , 'vehicle/model' , '车型信息' , 'fa fa-circle-o' , '' , 1 , 'normal' , 1540012402 , 1540012402) [ RunTime:0.034000s ]
[ 2018-10-20T13:13:22+08:00 ][ sql ] [ SQL ] SELECT `id` FROM `fa_auth_rule` WHERE  `name` = 'vehicle/model/index' LIMIT 1 [ RunTime:0.001000s ]
[ 2018-10-20T13:13:22+08:00 ][ sql ] [ SQL ] SELECT `id` FROM `fa_auth_rule` WHERE  `name` = 'vehicle/model/add' LIMIT 1 [ RunTime:0.001000s ]
[ 2018-10-20T13:13:22+08:00 ][ sql ] [ SQL ] SELECT `id` FROM `fa_auth_rule` WHERE  `name` = 'vehicle/model/edit' LIMIT 1 [ RunTime:0.001000s ]
[ 2018-10-20T13:13:22+08:00 ][ sql ] [ SQL ] SELECT `id` FROM `fa_auth_rule` WHERE  `name` = 'vehicle/model/del' LIMIT 1 [ RunTime:0.001000s ]
[ 2018-10-20T13:13:22+08:00 ][ sql ] [ SQL ] SELECT `id` FROM `fa_auth_rule` WHERE  `name` = 'vehicle/model/multi' LIMIT 1 [ RunTime:0.001000s ]
[ 2018-10-20T13:13:22+08:00 ][ sql ] [ SQL ] INSERT INTO `fa_auth_rule` (`id` , `pid` , `name` , `icon` , `title` , `ismenu` , `status` , `createtime` , `updatetime`) VALUES (NULL , 349 , 'vehicle/model/index' , 'fa fa-circle-o' , '查看' , 0 , 'normal' , 1540012402 , 1540012402) [ RunTime:0.000000s ]
[ 2018-10-20T13:13:22+08:00 ][ sql ] [ SQL ] INSERT INTO `fa_auth_rule` (`id` , `pid` , `name` , `icon` , `title` , `ismenu` , `status` , `createtime` , `updatetime`) VALUES (NULL , 349 , 'vehicle/model/add' , 'fa fa-circle-o' , '添加' , 0 , 'normal' , 1540012402 , 1540012402) [ RunTime:0.000000s ]
[ 2018-10-20T13:13:22+08:00 ][ sql ] [ SQL ] INSERT INTO `fa_auth_rule` (`id` , `pid` , `name` , `icon` , `title` , `ismenu` , `status` , `createtime` , `updatetime`) VALUES (NULL , 349 , 'vehicle/model/edit' , 'fa fa-circle-o' , '编辑' , 0 , 'normal' , 1540012402 , 1540012402) [ RunTime:0.000000s ]
[ 2018-10-20T13:13:22+08:00 ][ sql ] [ SQL ] INSERT INTO `fa_auth_rule` (`id` , `pid` , `name` , `icon` , `title` , `ismenu` , `status` , `createtime` , `updatetime`) VALUES (NULL , 349 , 'vehicle/model/del' , 'fa fa-circle-o' , '删除' , 0 , 'normal' , 1540012402 , 1540012402) [ RunTime:0.000000s ]
[ 2018-10-20T13:13:22+08:00 ][ sql ] [ SQL ] INSERT INTO `fa_auth_rule` (`id` , `pid` , `name` , `icon` , `title` , `ismenu` , `status` , `createtime` , `updatetime`) VALUES (NULL , 349 , 'vehicle/model/multi' , 'fa fa-circle-o' , '批量更新' , 0 , 'normal' , 1540012402 , 1540012402) [ RunTime:0.000000s ]
[ 2018-10-20T13:59:43+08:00 ][ info ] [ BEHAVIOR ] Run Closure @app_init [ RunTime:0.000000s ]
[ info ] [ LOG ] INIT File
[ 2018-10-20T13:59:43+08:00 ][ info ] [ CACHE ] INIT File
[ 2018-10-20T13:59:43+08:00 ][ info ] [ BEHAVIOR ] Run Closure @app_init [ RunTime:0.007000s ]
[ 2018-10-20T13:59:43+08:00 ][ info ] [ DB ] INIT mysql
[ 2018-10-20T13:59:43+08:00 ][ sql ] [ DB ] CONNECT:[ UseTime:0.003000s ] mysql:host=127.0.0.1;dbname=fastadmin;charset=utf8
[ 2018-10-20T13:59:43+08:00 ][ sql ] [ SQL ] SHOW TABLE STATUS LIKE 'vehicle_model' [ RunTime:0.001000s ]
[ 2018-10-20T13:59:43+08:00 ][ sql ] [ SQL ] SHOW TABLE STATUS LIKE 'fa_vehicle_model' [ RunTime:0.001000s ]
[ 2018-10-20T13:59:43+08:00 ][ sql ] [ SQL ] SHOW TABLE STATUS LIKE 'vehicle_brand' [ RunTime:0.001000s ]
[ 2018-10-20T13:59:43+08:00 ][ sql ] [ SQL ] SHOW TABLE STATUS LIKE 'fa_vehicle_brand' [ RunTime:0.001000s ]
[ 2018-10-20T13:59:43+08:00 ][ sql ] [ SQL ] SHOW TABLE STATUS LIKE 'admin' [ RunTime:0.001000s ]
[ 2018-10-20T13:59:43+08:00 ][ sql ] [ SQL ] SHOW TABLE STATUS LIKE 'fa_admin' [ RunTime:0.001000s ]
[ 2018-10-20T13:59:43+08:00 ][ sql ] [ SQL ] SELECT * FROM `information_schema`.`columns` WHERE TABLE_SCHEMA = 'fastadmin' AND table_name = 'fa_vehicle_model' ORDER BY ORDINAL_POSITION [ RunTime:0.010000s ]
[ 2018-10-20T13:59:43+08:00 ][ sql ] [ SQL ] SELECT * FROM `information_schema`.`columns` WHERE TABLE_SCHEMA = 'fastadmin' AND table_name = 'fa_vehicle_brand' ORDER BY ORDINAL_POSITION [ RunTime:0.010000s ]
[ 2018-10-20T13:59:43+08:00 ][ sql ] [ SQL ] SELECT * FROM `information_schema`.`columns` WHERE TABLE_SCHEMA = 'fastadmin' AND table_name = 'fa_admin' ORDER BY ORDINAL_POSITION [ RunTime:0.010000s ]
