---------------------------------------------------------------
[ 2018-11-15T09:12:35+08:00 ] 127.0.0.1 GET /admin/addon?addtabs=1
[ info ] www.newproject.com/admin/addon?addtabs=1 [运行时间：0.165000s][吞吐率：6.06req/s] [内存消耗：3,873.82kb] [文件加载：94]
[ info ] [ BEHAVIOR ] Run Closure @app_init [ RunTime:0.000000s ]
[ info ] [ CACHE ] INIT File
[ info ] [ BEHAVIOR ] Run Closure @app_init [ RunTime:0.005000s ]
[ info ] [ LANG ] F:\phpStudy\WWW\newproject\thinkphp\lang\zh-cn.php
[ info ] [ ROUTE ] array (
  'type' => 'module',
  'module' => 
  array (
    0 => 'admin',
    1 => 'addon',
    2 => NULL,
  ),
)
[ info ] [ HEADER ] array (
  'host' => 'www.newproject.com',
  'connection' => 'keep-alive',
  'upgrade-insecure-requests' => '1',
  'user-agent' => 'Mozilla/5.0 (Windows NT 6.1; WOW64) AppleWebKit/537.36 (KHTML, like Gecko) Chrome/69.0.3497.23 Safari/537.36',
  'accept' => 'text/html,application/xhtml+xml,application/xml;q=0.9,image/webp,image/apng,*/*;q=0.8',
  'referer' => 'http://www.newproject.com/admin/addon?ref=addtabs',
  'accept-encoding' => 'gzip, deflate',
  'accept-language' => 'en,zh;q=0.9,zh-CN;q=0.8',
  'cookie' => 'Hm_lvt_f8d0a8c400404989e195270b0bbf060a=1539564661,1540173986,1540776784,1541377744; PHPSESSID=c30tlrco9mdtbv6to0aoanueo7; think_var=zh-cn; Hm_lpvt_f8d0a8c400404989e195270b0bbf060a=1541991707',
)
[ info ] [ PARAM ] array (
  'addtabs' => '1',
)
[ info ] [ LANG ] F:\phpStudy\WWW\newproject\public/../application/admin\lang\zh-cn.php
[ info ] [ BEHAVIOR ] Run app\common\behavior\Common @module_init [ RunTime:0.000000s ]
[ info ] [ SESSION ] INIT array (
  'id' => '',
  'var_session_id' => '',
  'prefix' => 'think',
  'type' => '',
  'auto_start' => true,
)
[ info ] [ DB ] INIT mysql
[ info ] [ LANG ] F:\phpStudy\WWW\newproject\public/../application/admin/lang/zh-cn/addon.php
[ info ] [ RUN ] app\admin\controller\Addon->index[ F:\phpStudy\WWW\newproject\application\admin\controller\Addon.php ]
[ info ] [ VIEW ] F:\phpStudy\WWW\newproject\public/../application/admin\view\addon\index.html [ array (
  0 => 'breadcrumb',
  1 => 'site',
  2 => 'config',
  3 => 'auth',
  4 => 'admin',
) ]
[ info ] [ BEHAVIOR ] Run app\admin\behavior\AdminLog @app_end [ RunTime:0.000000s ]
[ info ] [ LOG ] INIT File
[ sql ] [ DB ] CONNECT:[ UseTime:0.010000s ] mysql:host=127.0.0.1;dbname=fastadmin;charset=utf8
[ sql ] [ SQL ] SHOW COLUMNS FROM `fa_auth_group_access` [ RunTime:0.012000s ]
[ sql ] [ SQL ] SELECT `aga`.`uid`,`aga`.`group_id`,`ag`.`id`,`ag`.`pid`,`ag`.`name`,`ag`.`rules` FROM `fa_auth_group_access` `aga` LEFT JOIN `fa_auth_group` `ag` ON `aga`.`group_id`=`ag`.`id` WHERE  (  aga.uid='1' and ag.status='normal' ) [ RunTime:0.016000s ]
[ sql ] [ SQL ] SHOW COLUMNS FROM `fa_auth_rule` [ RunTime:0.013000s ]
[ sql ] [ SQL ] SELECT `id`,`pid`,`condition`,`icon`,`name`,`title`,`ismenu` FROM `fa_auth_rule` WHERE  `status` = 'normal' [ RunTime:0.001000s ]
[ sql ] [ SQL ] SELECT `title`,`remark` FROM `fa_auth_rule` WHERE  `name` = 'addon' LIMIT 1 [ RunTime:0.031000s ]
---------------------------------------------------------------
[ 2018-11-15T09:12:35+08:00 ] 127.0.0.1 GET /admin/ajax/lang?callback=define&controllername=addon&v=1542244355
[ info ] www.newproject.com/admin/ajax/lang?callback=define&controllername=addon&v=1542244355 [运行时间：0.052000s][吞吐率：19.23req/s] [内存消耗：2,847.77kb] [文件加载：80]
[ info ] [ BEHAVIOR ] Run Closure @app_init [ RunTime:0.000000s ]
[ info ] [ CACHE ] INIT File
[ info ] [ BEHAVIOR ] Run Closure @app_init [ RunTime:0.004000s ]
[ info ] [ LANG ] F:\phpStudy\WWW\newproject\thinkphp\lang\zh-cn.php
[ info ] [ ROUTE ] array (
  'type' => 'module',
  'module' => 
  array (
    0 => 'admin',
    1 => 'ajax',
    2 => 'lang',
  ),
)
[ info ] [ HEADER ] array (
  'host' => 'www.newproject.com',
  'connection' => 'keep-alive',
  'user-agent' => 'Mozilla/5.0 (Windows NT 6.1; WOW64) AppleWebKit/537.36 (KHTML, like Gecko) Chrome/69.0.3497.23 Safari/537.36',
  'accept' => '*/*',
  'referer' => 'http://www.newproject.com/admin/addon?addtabs=1',
  'accept-encoding' => 'gzip, deflate',
  'accept-language' => 'en,zh;q=0.9,zh-CN;q=0.8',
  'cookie' => 'Hm_lvt_f8d0a8c400404989e195270b0bbf060a=1539564661,1540173986,1540776784,1541377744; PHPSESSID=c30tlrco9mdtbv6to0aoanueo7; think_var=zh-cn; Hm_lpvt_f8d0a8c400404989e195270b0bbf060a=1541991707',
)
[ info ] [ PARAM ] array (
  'callback' => 'define',
  'controllername' => 'addon',
  'v' => '1542244355',
)
[ info ] [ LANG ] F:\phpStudy\WWW\newproject\public/../application/admin\lang\zh-cn.php
[ info ] [ BEHAVIOR ] Run app\common\behavior\Common @module_init [ RunTime:0.001000s ]
[ info ] [ SESSION ] INIT array (
  'id' => '',
  'var_session_id' => '',
  'prefix' => 'think',
  'type' => '',
  'auto_start' => true,
)
[ info ] [ LANG ] F:\phpStudy\WWW\newproject\public/../application/admin/lang/zh-cn/ajax.php
[ info ] [ RUN ] app\admin\controller\Ajax->lang[ F:\phpStudy\WWW\newproject\application\admin\controller\Ajax.php ]
[ info ] [ LANG ] F:\phpStudy\WWW\newproject\public/../application/admin/lang/zh-cn/addon.php
[ info ] [ BEHAVIOR ] Run app\admin\behavior\AdminLog @app_end [ RunTime:0.001000s ]
[ info ] [ LOG ] INIT File
---------------------------------------------------------------
[ 2018-11-15T09:14:28+08:00 ] 127.0.0.1 GET /admin/vehicle/model?addtabs=1
[ info ] www.newproject.com/admin/vehicle/model?addtabs=1 [运行时间：0.103000s][吞吐率：9.71req/s] [内存消耗：3,837.64kb] [文件加载：88]
[ info ] [ BEHAVIOR ] Run Closure @app_init [ RunTime:0.000000s ]
[ info ] [ CACHE ] INIT File
[ info ] [ BEHAVIOR ] Run Closure @app_init [ RunTime:0.004000s ]
[ info ] [ LANG ] F:\phpStudy\WWW\newproject\thinkphp\lang\zh-cn.php
[ info ] [ ROUTE ] array (
  'type' => 'module',
  'module' => 
  array (
    0 => 'admin',
    1 => 'vehicle.model',
    2 => NULL,
  ),
)
[ info ] [ HEADER ] array (
  'host' => 'www.newproject.com',
  'connection' => 'keep-alive',
  'upgrade-insecure-requests' => '1',
  'user-agent' => 'Mozilla/5.0 (Windows NT 6.1; WOW64) AppleWebKit/537.36 (KHTML, like Gecko) Chrome/69.0.3497.23 Safari/537.36',
  'accept' => 'text/html,application/xhtml+xml,application/xml;q=0.9,image/webp,image/apng,*/*;q=0.8',
  'referer' => 'http://www.newproject.com/admin/vehicle/model?ref=addtabs',
  'accept-encoding' => 'gzip, deflate',
  'accept-language' => 'en,zh;q=0.9,zh-CN;q=0.8',
  'cookie' => 'Hm_lvt_f8d0a8c400404989e195270b0bbf060a=1539564661,1540173986,1540776784,1541377744; PHPSESSID=c30tlrco9mdtbv6to0aoanueo7; think_var=zh-cn; Hm_lpvt_f8d0a8c400404989e195270b0bbf060a=1541991707',
)
[ info ] [ PARAM ] array (
  'addtabs' => '1',
)
[ info ] [ LANG ] F:\phpStudy\WWW\newproject\public/../application/admin\lang\zh-cn.php
[ info ] [ BEHAVIOR ] Run app\common\behavior\Common @module_init [ RunTime:0.001000s ]
[ info ] [ SESSION ] INIT array (
  'id' => '',
  'var_session_id' => '',
  'prefix' => 'think',
  'type' => '',
  'auto_start' => true,
)
[ info ] [ DB ] INIT mysql
[ info ] [ LANG ] F:\phpStudy\WWW\newproject\public/../application/admin/lang/zh-cn/vehicle/model.php
[ info ] [ RUN ] app\admin\controller\vehicle\Model->index[ F:\phpStudy\WWW\newproject\application\admin\controller\vehicle\Model.php ]
[ info ] [ VIEW ] F:\phpStudy\WWW\newproject\public/../application/admin\view\vehicle\model\index.html [ array (
  0 => 'breadcrumb',
  1 => 'site',
  2 => 'config',
  3 => 'auth',
  4 => 'admin',
  5 => 'vehicleTypeList',
  6 => 'vehicleFlagList',
  7 => 'carriageList',
  8 => 'seatList',
  9 => 'gearboxList',
  10 => 'oilLabelList',
  11 => 'airIntakeModeList',
) ]
[ info ] [ BEHAVIOR ] Run app\admin\behavior\AdminLog @app_end [ RunTime:0.001000s ]
[ info ] [ LOG ] INIT File
[ sql ] [ DB ] CONNECT:[ UseTime:0.010000s ] mysql:host=127.0.0.1;dbname=fastadmin;charset=utf8
[ sql ] [ SQL ] SHOW COLUMNS FROM `fa_auth_group_access` [ RunTime:0.012000s ]
[ sql ] [ SQL ] SELECT `aga`.`uid`,`aga`.`group_id`,`ag`.`id`,`ag`.`pid`,`ag`.`name`,`ag`.`rules` FROM `fa_auth_group_access` `aga` LEFT JOIN `fa_auth_group` `ag` ON `aga`.`group_id`=`ag`.`id` WHERE  (  aga.uid='1' and ag.status='normal' ) [ RunTime:0.001000s ]
[ sql ] [ SQL ] SHOW COLUMNS FROM `fa_auth_rule` [ RunTime:0.012000s ]
[ sql ] [ SQL ] SELECT `id`,`pid`,`condition`,`icon`,`name`,`title`,`ismenu` FROM `fa_auth_rule` WHERE  `status` = 'normal' [ RunTime:0.001000s ]
[ sql ] [ SQL ] SELECT `title`,`remark` FROM `fa_auth_rule` WHERE  `name` = 'vehicle/model' LIMIT 1 [ RunTime:0.000000s ]
---------------------------------------------------------------
[ 2018-11-15T09:14:28+08:00 ] 127.0.0.1 GET /admin/ajax/lang?callback=define&controllername=vehicle.model&v=1542244468
[ info ] www.newproject.com/admin/ajax/lang?callback=define&controllername=vehicle.model&v=1542244468 [运行时间：0.052000s][吞吐率：19.23req/s] [内存消耗：2,844.34kb] [文件加载：80]
[ info ] [ BEHAVIOR ] Run Closure @app_init [ RunTime:0.000000s ]
[ info ] [ CACHE ] INIT File
[ info ] [ BEHAVIOR ] Run Closure @app_init [ RunTime:0.004000s ]
[ info ] [ LANG ] F:\phpStudy\WWW\newproject\thinkphp\lang\zh-cn.php
[ info ] [ ROUTE ] array (
  'type' => 'module',
  'module' => 
  array (
    0 => 'admin',
    1 => 'ajax',
    2 => 'lang',
  ),
)
[ info ] [ HEADER ] array (
  'host' => 'www.newproject.com',
  'connection' => 'keep-alive',
  'user-agent' => 'Mozilla/5.0 (Windows NT 6.1; WOW64) AppleWebKit/537.36 (KHTML, like Gecko) Chrome/69.0.3497.23 Safari/537.36',
  'accept' => '*/*',
  'referer' => 'http://www.newproject.com/admin/vehicle/model?addtabs=1',
  'accept-encoding' => 'gzip, deflate',
  'accept-language' => 'en,zh;q=0.9,zh-CN;q=0.8',
  'cookie' => 'Hm_lvt_f8d0a8c400404989e195270b0bbf060a=1539564661,1540173986,1540776784,1541377744; PHPSESSID=c30tlrco9mdtbv6to0aoanueo7; think_var=zh-cn; Hm_lpvt_f8d0a8c400404989e195270b0bbf060a=1541991707',
)
[ info ] [ PARAM ] array (
  'callback' => 'define',
  'controllername' => 'vehicle.model',
  'v' => '1542244468',
)
[ info ] [ LANG ] F:\phpStudy\WWW\newproject\public/../application/admin\lang\zh-cn.php
[ info ] [ BEHAVIOR ] Run app\common\behavior\Common @module_init [ RunTime:0.001000s ]
[ info ] [ SESSION ] INIT array (
  'id' => '',
  'var_session_id' => '',
  'prefix' => 'think',
  'type' => '',
  'auto_start' => true,
)
[ info ] [ LANG ] F:\phpStudy\WWW\newproject\public/../application/admin/lang/zh-cn/ajax.php
[ info ] [ RUN ] app\admin\controller\Ajax->lang[ F:\phpStudy\WWW\newproject\application\admin\controller\Ajax.php ]
[ info ] [ LANG ] F:\phpStudy\WWW\newproject\public/../application/admin/lang/zh-cn/vehicle/model.php
[ info ] [ BEHAVIOR ] Run app\admin\behavior\AdminLog @app_end [ RunTime:0.001000s ]
[ info ] [ LOG ] INIT File
---------------------------------------------------------------
[ 2018-11-15T09:14:28+08:00 ] 127.0.0.1 GET /admin/vehicle/model/index?sort=weight&order=desc&offset=0&limit=10&filter=%7B%7D&op=%7B%7D&_=1542244468548
[ info ] www.newproject.com/admin/vehicle/model/index?sort=weight&order=desc&offset=0&limit=10&filter=%7B%7D&op=%7B%7D&_=1542244468548 [运行时间：0.160000s][吞吐率：6.25req/s] [内存消耗：4,164.27kb] [文件加载：95]
[ info ] [ BEHAVIOR ] Run Closure @app_init [ RunTime:0.000000s ]
[ info ] [ CACHE ] INIT File
[ info ] [ BEHAVIOR ] Run Closure @app_init [ RunTime:0.004000s ]
[ info ] [ LANG ] F:\phpStudy\WWW\newproject\thinkphp\lang\zh-cn.php
[ info ] [ ROUTE ] array (
  'type' => 'module',
  'module' => 
  array (
    0 => 'admin',
    1 => 'vehicle.model',
    2 => 'index',
  ),
)
[ info ] [ HEADER ] array (
  'host' => 'www.newproject.com',
  'connection' => 'keep-alive',
  'accept' => 'application/json, text/javascript, */*; q=0.01',
  'x-requested-with' => 'XMLHttpRequest',
  'user-agent' => 'Mozilla/5.0 (Windows NT 6.1; WOW64) AppleWebKit/537.36 (KHTML, like Gecko) Chrome/69.0.3497.23 Safari/537.36',
  'content-type' => 'application/json',
  'referer' => 'http://www.newproject.com/admin/vehicle/model?addtabs=1',
  'accept-encoding' => 'gzip, deflate',
  'accept-language' => 'en,zh;q=0.9,zh-CN;q=0.8',
  'cookie' => 'Hm_lvt_f8d0a8c400404989e195270b0bbf060a=1539564661,1540173986,1540776784,1541377744; PHPSESSID=c30tlrco9mdtbv6to0aoanueo7; think_var=zh-cn; Hm_lpvt_f8d0a8c400404989e195270b0bbf060a=1541991707',
)
[ info ] [ PARAM ] array (
  'sort' => 'weight',
  'order' => 'desc',
  'offset' => '0',
  'limit' => '10',
  'filter' => '{}',
  'op' => '{}',
  '_' => '1542244468548',
)
[ info ] [ LANG ] F:\phpStudy\WWW\newproject\public/../application/admin\lang\zh-cn.php
[ info ] [ BEHAVIOR ] Run app\common\behavior\Common @module_init [ RunTime:0.001000s ]
[ info ] [ SESSION ] INIT array (
  'id' => '',
  'var_session_id' => '',
  'prefix' => 'think',
  'type' => '',
  'auto_start' => true,
)
[ info ] [ DB ] INIT mysql
[ info ] [ LANG ] F:\phpStudy\WWW\newproject\public/../application/admin/lang/zh-cn/vehicle/model.php
[ info ] [ RUN ] app\admin\controller\vehicle\Model->index[ F:\phpStudy\WWW\newproject\application\admin\controller\vehicle\Model.php ]
[ info ] [ BEHAVIOR ] Run app\admin\behavior\AdminLog @app_end [ RunTime:0.000000s ]
[ info ] [ LOG ] INIT File
[ sql ] [ DB ] CONNECT:[ UseTime:0.010000s ] mysql:host=127.0.0.1;dbname=fastadmin;charset=utf8
[ sql ] [ SQL ] SHOW COLUMNS FROM `fa_auth_group_access` [ RunTime:0.011000s ]
[ sql ] [ SQL ] SELECT `aga`.`uid`,`aga`.`group_id`,`ag`.`id`,`ag`.`pid`,`ag`.`name`,`ag`.`rules` FROM `fa_auth_group_access` `aga` LEFT JOIN `fa_auth_group` `ag` ON `aga`.`group_id`=`ag`.`id` WHERE  (  aga.uid='1' and ag.status='normal' ) [ RunTime:0.000000s ]
[ sql ] [ SQL ] SHOW COLUMNS FROM `fa_auth_rule` [ RunTime:0.013000s ]
[ sql ] [ SQL ] SELECT `id`,`pid`,`condition`,`icon`,`name`,`title`,`ismenu` FROM `fa_auth_rule` WHERE  `status` = 'normal' [ RunTime:0.001000s ]
[ sql ] [ SQL ] SHOW COLUMNS FROM `fa_vehicle_model` [ RunTime:0.013000s ]
[ sql ] [ SQL ] SHOW COLUMNS FROM `fa_vehicle_brand` [ RunTime:0.012000s ]
[ sql ] [ SQL ] SHOW COLUMNS FROM `fa_admin` [ RunTime:0.012000s ]
[ sql ] [ SQL ] SELECT COUNT(*) AS tp_count FROM `fa_vehicle_model` `vehicle_model` LEFT JOIN `fa_vehicle_brand` `vehiclebrand` ON `vehicle_model`.`vehicle_brand_id`=`vehiclebrand`.`id` LEFT JOIN `fa_vehicle_brand` `vehicleseries` ON `vehicle_model`.`model_series_id`=`vehicleseries`.`id` LEFT JOIN `fa_admin` `admin` ON `vehicle_model`.`admin_id`=`admin`.`id` ORDER BY `vehicle_model`.`weight` DESC LIMIT 1 [ RunTime:0.014000s ]
[ sql ] [ SQL ] SELECT `vehicle_model`.`id`,`vehicle_model`.`vehicle_brand_id`,`vehicle_model`.`model_series_id`,`vehicle_model`.`vehicle_model`,`vehicle_model`.`vehicle_type`,`vehicle_model`.`vehicle_flag`,`vehicle_model`.`carriage`,`vehicle_model`.`seat`,`vehicle_model`.`gearbox`,`vehicle_model`.`emission`,`vehicle_model`.`oil_capacity`,`vehicle_model`.`oil_label`,`vehicle_model`.`air_intake_mode`,`vehicle_model`.`poundage`,`vehicle_model`.`basic_service_charge`,`vehicle_model`.`rent_deposit`,`vehicle_model`.`overtime_price_personal`,`vehicle_model`.`vehicle_model_logo_image`,`vehicle_model`.`vehicle_model_main_image`,`vehicle_model`.`vehicle_model_left_image`,`vehicle_model`.`vehicle_model_right_image`,`vehicle_model`.`vehicle_model_front_image`,`vehicle_model`.`vehicle_model_back_image`,`vehicle_model`.`admin_id`,`vehicle_model`.`weight`,`vehicle_model`.`updatetime`,`vehicle_model`.`createtime`,vehiclebrand.id AS vehiclebrand__id,vehiclebrand.name AS vehiclebrand__name,vehiclebrand.vehicle_brand_id AS vehiclebrand__vehicle_brand_id,vehiclebrand.status AS vehiclebrand__status,vehiclebrand.createtime AS vehiclebrand__createtime,vehiclebrand.updatetime AS vehiclebrand__updatetime,vehicleseries.id AS vehicleseries__id,vehicleseries.name AS vehicleseries__name,vehicleseries.vehicle_brand_id AS vehicleseries__vehicle_brand_id,vehicleseries.status AS vehicleseries__status,vehicleseries.createtime AS vehicleseries__createtime,vehicleseries.updatetime AS vehicleseries__updatetime,admin.id AS admin__id,admin.username AS admin__username,admin.nickname AS admin__nickname,admin.password AS admin__password,admin.salt AS admin__salt,admin.avatar AS admin__avatar,admin.email AS admin__email,admin.loginfailure AS admin__loginfailure,admin.logintime AS admin__logintime,admin.createtime AS admin__createtime,admin.updatetime AS admin__updatetime,admin.token AS admin__token,admin.status AS admin__status FROM `fa_vehicle_model` `vehicle_model` LEFT JOIN `fa_vehicle_brand` `vehiclebrand` ON `vehicle_model`.`vehicle_brand_id`=`vehiclebrand`.`id` LEFT JOIN `fa_vehicle_brand` `vehicleseries` ON `vehicle_model`.`model_series_id`=`vehicleseries`.`id` LEFT JOIN `fa_admin` `admin` ON `vehicle_model`.`admin_id`=`admin`.`id` ORDER BY `vehicle_model`.`weight` DESC LIMIT 0,10 [ RunTime:0.001000s ]
