---------------------------------------------------------------
[ 2018-09-10T11:05:00+08:00 ] 127.0.0.1 GET /admin/office?ref=addtabs
[ info ] www.newproject.com/admin/office?ref=addtabs [运行时间：0.617000s][吞吐率：1.62req/s] [内存消耗：3,354.84kb] [文件加载：83]
[ info ] [ BEHAVIOR ] Run Closure @app_init [ RunTime:0.007000s ]
[ info ] [ CACHE ] INIT File
[ info ] [ BEHAVIOR ] Run Closure @app_init [ RunTime:0.036000s ]
[ info ] [ LANG ] F:\phpStudy\WWW\newproject\thinkphp\lang\zh-cn.php
[ info ] [ ROUTE ] array (
  'type' => 'module',
  'module' => 
  array (
    0 => 'admin',
    1 => 'office',
    2 => NULL,
  ),
)
[ info ] [ HEADER ] array (
  'host' => 'www.newproject.com',
  'connection' => 'keep-alive',
  'cache-control' => 'max-age=0',
  'upgrade-insecure-requests' => '1',
  'user-agent' => 'Mozilla/5.0 (Windows NT 6.1; WOW64) AppleWebKit/537.36 (KHTML, like Gecko) Chrome/69.0.3497.23 Safari/537.36',
  'accept' => 'text/html,application/xhtml+xml,application/xml;q=0.9,image/webp,image/apng,*/*;q=0.8',
  'accept-encoding' => 'gzip, deflate',
  'accept-language' => 'en,zh;q=0.9,zh-CN;q=0.8',
  'cookie' => 'PHPSESSID=1pii35si4ihobt3vs41fl7vvm7; think_var=zh-cn; Hm_lvt_f8d0a8c400404989e195270b0bbf060a=1534145953; Hm_lpvt_f8d0a8c400404989e195270b0bbf060a=1536376641',
)
[ info ] [ PARAM ] array (
  'ref' => 'addtabs',
)
[ info ] [ LANG ] F:\phpStudy\WWW\newproject\public/../application/admin\lang\zh-cn.php
[ info ] [ BEHAVIOR ] Run app\common\behavior\Common @module_init [ RunTime:0.002000s ]
[ info ] [ SESSION ] INIT array (
  'id' => '',
  'var_session_id' => '',
  'prefix' => 'think',
  'type' => '',
  'auto_start' => true,
)
[ info ] [ DB ] INIT mysql
[ info ] [ BEHAVIOR ] Run app\admin\behavior\AdminLog @app_end [ RunTime:0.001000s ]
[ info ] [ LOG ] INIT File
[ sql ] [ DB ] CONNECT:[ UseTime:0.021000s ] mysql:host=127.0.0.1;dbname=fastadmin;charset=utf8
[ sql ] [ SQL ] SHOW COLUMNS FROM `fa_auth_group_access` [ RunTime:0.061000s ]
[ sql ] [ SQL ] SELECT `aga`.`uid`,`aga`.`group_id`,`ag`.`id`,`ag`.`pid`,`ag`.`name`,`ag`.`rules` FROM `fa_auth_group_access` `aga` LEFT JOIN `fa_auth_group` `ag` ON `aga`.`group_id`=`ag`.`id` WHERE  (  aga.uid='1' and ag.status='normal' ) [ RunTime:0.042000s ]
[ sql ] [ SQL ] SHOW COLUMNS FROM `fa_auth_rule` [ RunTime:0.075000s ]
[ sql ] [ SQL ] SELECT `id`,`pid`,`condition`,`icon`,`name`,`title`,`ismenu` FROM `fa_auth_rule` WHERE  `status` = 'normal' [ RunTime:0.002000s ]
---------------------------------------------------------------
[ 2018-09-10T11:05:01+08:00 ] 127.0.0.1 GET /admin/index/index
[ info ] www.newproject.com/admin/index/index [运行时间：0.577000s][吞吐率：1.73req/s] [内存消耗：3,966.46kb] [文件加载：98]
[ info ] [ BEHAVIOR ] Run Closure @app_init [ RunTime:0.000000s ]
[ info ] [ CACHE ] INIT File
[ info ] [ BEHAVIOR ] Run Closure @app_init [ RunTime:0.002000s ]
[ info ] [ LANG ] F:\phpStudy\WWW\newproject\thinkphp\lang\zh-cn.php
[ info ] [ ROUTE ] array (
  'type' => 'module',
  'module' => 
  array (
    0 => 'admin',
    1 => 'index',
    2 => 'index',
  ),
)
[ info ] [ HEADER ] array (
  'host' => 'www.newproject.com',
  'connection' => 'keep-alive',
  'cache-control' => 'max-age=0',
  'upgrade-insecure-requests' => '1',
  'user-agent' => 'Mozilla/5.0 (Windows NT 6.1; WOW64) AppleWebKit/537.36 (KHTML, like Gecko) Chrome/69.0.3497.23 Safari/537.36',
  'accept' => 'text/html,application/xhtml+xml,application/xml;q=0.9,image/webp,image/apng,*/*;q=0.8',
  'accept-encoding' => 'gzip, deflate',
  'accept-language' => 'en,zh;q=0.9,zh-CN;q=0.8',
  'cookie' => 'PHPSESSID=1pii35si4ihobt3vs41fl7vvm7; think_var=zh-cn; Hm_lvt_f8d0a8c400404989e195270b0bbf060a=1534145953; Hm_lpvt_f8d0a8c400404989e195270b0bbf060a=1536376641',
)
[ info ] [ PARAM ] array (
)
[ info ] [ LANG ] F:\phpStudy\WWW\newproject\public/../application/admin\lang\zh-cn.php
[ info ] [ BEHAVIOR ] Run app\common\behavior\Common @module_init [ RunTime:0.001000s ]
[ info ] [ SESSION ] INIT array (
  'id' => '',
  'var_session_id' => '',
  'prefix' => 'think',
  'type' => '',
  'auto_start' => true,
)
[ info ] [ LANG ] F:\phpStudy\WWW\newproject\public/../application/admin/lang/zh-cn/index.php
[ info ] [ RUN ] app\admin\controller\Index->index[ F:\phpStudy\WWW\newproject\application\admin\controller\Index.php ]
[ info ] [ DB ] INIT mysql
[ info ] [ VIEW ] F:\phpStudy\WWW\newproject\public/../application/admin\view\index\index.html [ array (
  0 => 'breadcrumb',
  1 => 'site',
  2 => 'config',
  3 => 'auth',
  4 => 'admin',
  5 => 'menulist',
  6 => 'navlist',
  7 => 'title',
) ]
[ info ] [ BEHAVIOR ] Run app\admin\behavior\AdminLog @app_end [ RunTime:0.001000s ]
[ info ] [ LOG ] INIT File
[ sql ] [ DB ] CONNECT:[ UseTime:0.010000s ] mysql:host=127.0.0.1;dbname=fastadmin;charset=utf8
[ sql ] [ SQL ] SHOW COLUMNS FROM `fa_auth_group_access` [ RunTime:0.007000s ]
[ sql ] [ SQL ] SELECT `aga`.`uid`,`aga`.`group_id`,`ag`.`id`,`ag`.`pid`,`ag`.`name`,`ag`.`rules` FROM `fa_auth_group_access` `aga` LEFT JOIN `fa_auth_group` `ag` ON `aga`.`group_id`=`ag`.`id` WHERE  (  aga.uid='1' and ag.status='normal' ) [ RunTime:0.001000s ]
[ sql ] [ SQL ] SHOW COLUMNS FROM `fa_auth_rule` [ RunTime:0.007000s ]
[ sql ] [ SQL ] SELECT `id`,`pid`,`condition`,`icon`,`name`,`title`,`ismenu` FROM `fa_auth_rule` WHERE  `status` = 'normal' [ RunTime:0.001000s ]
---------------------------------------------------------------
[ 2018-09-10T11:05:02+08:00 ] 127.0.0.1 GET /admin/ajax/lang?callback=define&controllername=index&v=1536548701
[ info ] www.newproject.com/admin/ajax/lang?callback=define&controllername=index&v=1536548701 [运行时间：0.043000s][吞吐率：23.26req/s] [内存消耗：2,821.95kb] [文件加载：79]
[ info ] [ BEHAVIOR ] Run Closure @app_init [ RunTime:0.000000s ]
[ info ] [ CACHE ] INIT File
[ info ] [ BEHAVIOR ] Run Closure @app_init [ RunTime:0.003000s ]
[ info ] [ LANG ] F:\phpStudy\WWW\newproject\thinkphp\lang\zh-cn.php
[ info ] [ ROUTE ] array (
  'type' => 'module',
  'module' => 
  array (
    0 => 'admin',
    1 => 'ajax',
    2 => 'lang',
  ),
)
[ info ] [ HEADER ] array (
  'host' => 'www.newproject.com',
  'connection' => 'keep-alive',
  'user-agent' => 'Mozilla/5.0 (Windows NT 6.1; WOW64) AppleWebKit/537.36 (KHTML, like Gecko) Chrome/69.0.3497.23 Safari/537.36',
  'accept' => '*/*',
  'referer' => 'http://www.newproject.com/admin/index/index',
  'accept-encoding' => 'gzip, deflate',
  'accept-language' => 'en,zh;q=0.9,zh-CN;q=0.8',
  'cookie' => 'PHPSESSID=1pii35si4ihobt3vs41fl7vvm7; think_var=zh-cn; Hm_lvt_f8d0a8c400404989e195270b0bbf060a=1534145953; Hm_lpvt_f8d0a8c400404989e195270b0bbf060a=1536376641',
)
[ info ] [ PARAM ] array (
  'callback' => 'define',
  'controllername' => 'index',
  'v' => '1536548701',
)
[ info ] [ LANG ] F:\phpStudy\WWW\newproject\public/../application/admin\lang\zh-cn.php
[ info ] [ BEHAVIOR ] Run app\common\behavior\Common @module_init [ RunTime:0.000000s ]
[ info ] [ SESSION ] INIT array (
  'id' => '',
  'var_session_id' => '',
  'prefix' => 'think',
  'type' => '',
  'auto_start' => true,
)
[ info ] [ LANG ] F:\phpStudy\WWW\newproject\public/../application/admin/lang/zh-cn/ajax.php
[ info ] [ RUN ] app\admin\controller\Ajax->lang[ F:\phpStudy\WWW\newproject\application\admin\controller\Ajax.php ]
[ info ] [ LANG ] F:\phpStudy\WWW\newproject\public/../application/admin/lang/zh-cn/index.php
[ info ] [ BEHAVIOR ] Run app\admin\behavior\AdminLog @app_end [ RunTime:0.001000s ]
[ info ] [ LOG ] INIT File
---------------------------------------------------------------
[ 2018-09-10T11:05:02+08:00 ] 127.0.0.1 GET /admin/dashboard?addtabs=1
[ info ] www.newproject.com/admin/dashboard?addtabs=1 [运行时间：0.121000s][吞吐率：8.26req/s] [内存消耗：3,776.09kb] [文件加载：88]
[ info ] [ BEHAVIOR ] Run Closure @app_init [ RunTime:0.000000s ]
[ info ] [ CACHE ] INIT File
[ info ] [ BEHAVIOR ] Run Closure @app_init [ RunTime:0.002000s ]
[ info ] [ LANG ] F:\phpStudy\WWW\newproject\thinkphp\lang\zh-cn.php
[ info ] [ ROUTE ] array (
  'type' => 'module',
  'module' => 
  array (
    0 => 'admin',
    1 => 'dashboard',
    2 => NULL,
  ),
)
[ info ] [ HEADER ] array (
  'host' => 'www.newproject.com',
  'connection' => 'keep-alive',
  'upgrade-insecure-requests' => '1',
  'user-agent' => 'Mozilla/5.0 (Windows NT 6.1; WOW64) AppleWebKit/537.36 (KHTML, like Gecko) Chrome/69.0.3497.23 Safari/537.36',
  'accept' => 'text/html,application/xhtml+xml,application/xml;q=0.9,image/webp,image/apng,*/*;q=0.8',
  'referer' => 'http://www.newproject.com/admin/dashboard?ref=addtabs',
  'accept-encoding' => 'gzip, deflate',
  'accept-language' => 'en,zh;q=0.9,zh-CN;q=0.8',
  'cookie' => 'PHPSESSID=1pii35si4ihobt3vs41fl7vvm7; think_var=zh-cn; Hm_lvt_f8d0a8c400404989e195270b0bbf060a=1534145953; Hm_lpvt_f8d0a8c400404989e195270b0bbf060a=1536376641',
)
[ info ] [ PARAM ] array (
  'addtabs' => '1',
)
[ info ] [ LANG ] F:\phpStudy\WWW\newproject\public/../application/admin\lang\zh-cn.php
[ info ] [ BEHAVIOR ] Run app\common\behavior\Common @module_init [ RunTime:0.001000s ]
[ info ] [ SESSION ] INIT array (
  'id' => '',
  'var_session_id' => '',
  'prefix' => 'think',
  'type' => '',
  'auto_start' => true,
)
[ info ] [ DB ] INIT mysql
[ info ] [ LANG ] F:\phpStudy\WWW\newproject\public/../application/admin/lang/zh-cn/dashboard.php
[ info ] [ RUN ] app\admin\controller\Dashboard->index[ F:\phpStudy\WWW\newproject\application\admin\controller\Dashboard.php ]
[ info ] [ VIEW ] F:\phpStudy\WWW\newproject\public/../application/admin\view\dashboard\index.html [ array (
  0 => 'breadcrumb',
  1 => 'site',
  2 => 'config',
  3 => 'auth',
  4 => 'admin',
  5 => 'totaluser',
  6 => 'totalviews',
  7 => 'totalorder',
  8 => 'totalorderamount',
  9 => 'todayuserlogin',
  10 => 'todayusersignup',
  11 => 'todayorder',
  12 => 'unsettleorder',
  13 => 'sevendnu',
  14 => 'sevendau',
  15 => 'paylist',
  16 => 'createlist',
  17 => 'addonversion',
  18 => 'uploadmode',
) ]
[ info ] [ BEHAVIOR ] Run app\admin\behavior\AdminLog @app_end [ RunTime:0.000000s ]
[ info ] [ LOG ] INIT File
[ sql ] [ DB ] CONNECT:[ UseTime:0.001000s ] mysql:host=127.0.0.1;dbname=fastadmin;charset=utf8
[ sql ] [ SQL ] SHOW COLUMNS FROM `fa_auth_group_access` [ RunTime:0.007000s ]
[ sql ] [ SQL ] SELECT `aga`.`uid`,`aga`.`group_id`,`ag`.`id`,`ag`.`pid`,`ag`.`name`,`ag`.`rules` FROM `fa_auth_group_access` `aga` LEFT JOIN `fa_auth_group` `ag` ON `aga`.`group_id`=`ag`.`id` WHERE  (  aga.uid='1' and ag.status='normal' ) [ RunTime:0.001000s ]
[ sql ] [ SQL ] SHOW COLUMNS FROM `fa_auth_rule` [ RunTime:0.006000s ]
[ sql ] [ SQL ] SELECT `id`,`pid`,`condition`,`icon`,`name`,`title`,`ismenu` FROM `fa_auth_rule` WHERE  `status` = 'normal' [ RunTime:0.001000s ]
[ sql ] [ SQL ] SELECT `title`,`remark` FROM `fa_auth_rule` WHERE  `name` = 'dashboard' LIMIT 1 [ RunTime:0.001000s ]
---------------------------------------------------------------
[ 2018-09-10T11:05:02+08:00 ] 127.0.0.1 GET /admin/office?addtabs=1
[ info ] www.newproject.com/admin/office?addtabs=1 [运行时间：0.221000s][吞吐率：4.52req/s] [内存消耗：3,765.67kb] [文件加载：87]
[ info ] [ BEHAVIOR ] Run Closure @app_init [ RunTime:0.000000s ]
[ info ] [ CACHE ] INIT File
[ info ] [ BEHAVIOR ] Run Closure @app_init [ RunTime:0.002000s ]
[ info ] [ LANG ] F:\phpStudy\WWW\newproject\thinkphp\lang\zh-cn.php
[ info ] [ ROUTE ] array (
  'type' => 'module',
  'module' => 
  array (
    0 => 'admin',
    1 => 'office',
    2 => NULL,
  ),
)
[ info ] [ HEADER ] array (
  'host' => 'www.newproject.com',
  'connection' => 'keep-alive',
  'upgrade-insecure-requests' => '1',
  'user-agent' => 'Mozilla/5.0 (Windows NT 6.1; WOW64) AppleWebKit/537.36 (KHTML, like Gecko) Chrome/69.0.3497.23 Safari/537.36',
  'accept' => 'text/html,application/xhtml+xml,application/xml;q=0.9,image/webp,image/apng,*/*;q=0.8',
  'referer' => 'http://www.newproject.com/admin/office?ref=addtabs',
  'accept-encoding' => 'gzip, deflate',
  'accept-language' => 'en,zh;q=0.9,zh-CN;q=0.8',
  'cookie' => 'PHPSESSID=1pii35si4ihobt3vs41fl7vvm7; think_var=zh-cn; Hm_lvt_f8d0a8c400404989e195270b0bbf060a=1534145953; Hm_lpvt_f8d0a8c400404989e195270b0bbf060a=1536376641',
)
[ info ] [ PARAM ] array (
  'addtabs' => '1',
)
[ info ] [ LANG ] F:\phpStudy\WWW\newproject\public/../application/admin\lang\zh-cn.php
[ info ] [ BEHAVIOR ] Run app\common\behavior\Common @module_init [ RunTime:0.001000s ]
[ info ] [ SESSION ] INIT array (
  'id' => '',
  'var_session_id' => '',
  'prefix' => 'think',
  'type' => '',
  'auto_start' => true,
)
[ info ] [ DB ] INIT mysql
[ info ] [ LANG ] F:\phpStudy\WWW\newproject\public/../application/admin/lang/zh-cn/office.php
[ info ] [ RUN ] app\common\controller\Backend->index[ F:\phpStudy\WWW\newproject\application\admin\library\traits\Backend.php ]
[ info ] [ VIEW ] F:\phpStudy\WWW\newproject\public/../application/admin\view\office\index.html [ array (
  0 => 'breadcrumb',
  1 => 'site',
  2 => 'config',
  3 => 'auth',
  4 => 'admin',
  5 => 'statusList',
  6 => 'isactivityList',
) ]
[ info ] [ BEHAVIOR ] Run app\admin\behavior\AdminLog @app_end [ RunTime:0.001000s ]
[ info ] [ LOG ] INIT File
[ sql ] [ DB ] CONNECT:[ UseTime:0.011000s ] mysql:host=127.0.0.1;dbname=fastadmin;charset=utf8
[ sql ] [ SQL ] SHOW COLUMNS FROM `fa_auth_group_access` [ RunTime:0.007000s ]
[ sql ] [ SQL ] SELECT `aga`.`uid`,`aga`.`group_id`,`ag`.`id`,`ag`.`pid`,`ag`.`name`,`ag`.`rules` FROM `fa_auth_group_access` `aga` LEFT JOIN `fa_auth_group` `ag` ON `aga`.`group_id`=`ag`.`id` WHERE  (  aga.uid='1' and ag.status='normal' ) [ RunTime:0.000000s ]
[ sql ] [ SQL ] SHOW COLUMNS FROM `fa_auth_rule` [ RunTime:0.006000s ]
[ sql ] [ SQL ] SELECT `id`,`pid`,`condition`,`icon`,`name`,`title`,`ismenu` FROM `fa_auth_rule` WHERE  `status` = 'normal' [ RunTime:0.000000s ]
[ sql ] [ SQL ] SELECT `title`,`remark` FROM `fa_auth_rule` WHERE  `name` = 'office' LIMIT 1 [ RunTime:0.000000s ]
---------------------------------------------------------------
[ 2018-09-10T11:05:02+08:00 ] 127.0.0.1 GET /admin/ajax/lang?callback=define&controllername=dashboard&v=1536548702
[ info ] www.newproject.com/admin/ajax/lang?callback=define&controllername=dashboard&v=1536548702 [运行时间：0.041000s][吞吐率：24.39req/s] [内存消耗：2,819.74kb] [文件加载：79]
[ info ] [ BEHAVIOR ] Run Closure @app_init [ RunTime:0.000000s ]
[ info ] [ CACHE ] INIT File
[ info ] [ BEHAVIOR ] Run Closure @app_init [ RunTime:0.002000s ]
[ info ] [ LANG ] F:\phpStudy\WWW\newproject\thinkphp\lang\zh-cn.php
[ info ] [ ROUTE ] array (
  'type' => 'module',
  'module' => 
  array (
    0 => 'admin',
    1 => 'ajax',
    2 => 'lang',
  ),
)
[ info ] [ HEADER ] array (
  'host' => 'www.newproject.com',
  'connection' => 'keep-alive',
  'user-agent' => 'Mozilla/5.0 (Windows NT 6.1; WOW64) AppleWebKit/537.36 (KHTML, like Gecko) Chrome/69.0.3497.23 Safari/537.36',
  'accept' => '*/*',
  'referer' => 'http://www.newproject.com/admin/dashboard?addtabs=1',
  'accept-encoding' => 'gzip, deflate',
  'accept-language' => 'en,zh;q=0.9,zh-CN;q=0.8',
  'cookie' => 'PHPSESSID=1pii35si4ihobt3vs41fl7vvm7; think_var=zh-cn; Hm_lvt_f8d0a8c400404989e195270b0bbf060a=1534145953; Hm_lpvt_f8d0a8c400404989e195270b0bbf060a=1536376641',
)
[ info ] [ PARAM ] array (
  'callback' => 'define',
  'controllername' => 'dashboard',
  'v' => '1536548702',
)
[ info ] [ LANG ] F:\phpStudy\WWW\newproject\public/../application/admin\lang\zh-cn.php
[ info ] [ BEHAVIOR ] Run app\common\behavior\Common @module_init [ RunTime:0.000000s ]
[ info ] [ SESSION ] INIT array (
  'id' => '',
  'var_session_id' => '',
  'prefix' => 'think',
  'type' => '',
  'auto_start' => true,
)
[ info ] [ LANG ] F:\phpStudy\WWW\newproject\public/../application/admin/lang/zh-cn/ajax.php
[ info ] [ RUN ] app\admin\controller\Ajax->lang[ F:\phpStudy\WWW\newproject\application\admin\controller\Ajax.php ]
[ info ] [ LANG ] F:\phpStudy\WWW\newproject\public/../application/admin/lang/zh-cn/dashboard.php
[ info ] [ BEHAVIOR ] Run app\admin\behavior\AdminLog @app_end [ RunTime:0.000000s ]
[ info ] [ LOG ] INIT File
---------------------------------------------------------------
[ 2018-09-10T11:05:02+08:00 ] 127.0.0.1 GET /admin/ajax/lang?callback=define&controllername=office&v=1536548702
[ info ] www.newproject.com/admin/ajax/lang?callback=define&controllername=office&v=1536548702 [运行时间：0.038000s][吞吐率：26.32req/s] [内存消耗：2,817.66kb] [文件加载：79]
[ info ] [ BEHAVIOR ] Run Closure @app_init [ RunTime:0.000000s ]
[ info ] [ CACHE ] INIT File
[ info ] [ BEHAVIOR ] Run Closure @app_init [ RunTime:0.002000s ]
[ info ] [ LANG ] F:\phpStudy\WWW\newproject\thinkphp\lang\zh-cn.php
[ info ] [ ROUTE ] array (
  'type' => 'module',
  'module' => 
  array (
    0 => 'admin',
    1 => 'ajax',
    2 => 'lang',
  ),
)
[ info ] [ HEADER ] array (
  'host' => 'www.newproject.com',
  'connection' => 'keep-alive',
  'user-agent' => 'Mozilla/5.0 (Windows NT 6.1; WOW64) AppleWebKit/537.36 (KHTML, like Gecko) Chrome/69.0.3497.23 Safari/537.36',
  'accept' => '*/*',
  'referer' => 'http://www.newproject.com/admin/office?addtabs=1',
  'accept-encoding' => 'gzip, deflate',
  'accept-language' => 'en,zh;q=0.9,zh-CN;q=0.8',
  'cookie' => 'PHPSESSID=1pii35si4ihobt3vs41fl7vvm7; think_var=zh-cn; Hm_lvt_f8d0a8c400404989e195270b0bbf060a=1534145953; Hm_lpvt_f8d0a8c400404989e195270b0bbf060a=1536376641',
)
[ info ] [ PARAM ] array (
  'callback' => 'define',
  'controllername' => 'office',
  'v' => '1536548702',
)
[ info ] [ LANG ] F:\phpStudy\WWW\newproject\public/../application/admin\lang\zh-cn.php
[ info ] [ BEHAVIOR ] Run app\common\behavior\Common @module_init [ RunTime:0.000000s ]
[ info ] [ SESSION ] INIT array (
  'id' => '',
  'var_session_id' => '',
  'prefix' => 'think',
  'type' => '',
  'auto_start' => true,
)
[ info ] [ LANG ] F:\phpStudy\WWW\newproject\public/../application/admin/lang/zh-cn/ajax.php
[ info ] [ RUN ] app\admin\controller\Ajax->lang[ F:\phpStudy\WWW\newproject\application\admin\controller\Ajax.php ]
[ info ] [ LANG ] F:\phpStudy\WWW\newproject\public/../application/admin/lang/zh-cn/office.php
[ info ] [ BEHAVIOR ] Run app\admin\behavior\AdminLog @app_end [ RunTime:0.000000s ]
[ info ] [ LOG ] INIT File
---------------------------------------------------------------
[ 2018-09-10T11:05:02+08:00 ] 127.0.0.1 GET /admin/office/index?sort=id&order=desc&offset=0&limit=10&filter=%7B%7D&op=%7B%7D&_=1536548702495
[ info ] www.newproject.com/admin/office/index?sort=id&order=desc&offset=0&limit=10&filter=%7B%7D&op=%7B%7D&_=1536548702495 [运行时间：0.104000s][吞吐率：9.62req/s] [内存消耗：3,851.00kb] [文件加载：89]
[ info ] [ BEHAVIOR ] Run Closure @app_init [ RunTime:0.000000s ]
[ info ] [ CACHE ] INIT File
[ info ] [ BEHAVIOR ] Run Closure @app_init [ RunTime:0.002000s ]
[ info ] [ LANG ] F:\phpStudy\WWW\newproject\thinkphp\lang\zh-cn.php
[ info ] [ ROUTE ] array (
  'type' => 'module',
  'module' => 
  array (
    0 => 'admin',
    1 => 'office',
    2 => 'index',
  ),
)
[ info ] [ HEADER ] array (
  'host' => 'www.newproject.com',
  'connection' => 'keep-alive',
  'accept' => 'application/json, text/javascript, */*; q=0.01',
  'x-requested-with' => 'XMLHttpRequest',
  'user-agent' => 'Mozilla/5.0 (Windows NT 6.1; WOW64) AppleWebKit/537.36 (KHTML, like Gecko) Chrome/69.0.3497.23 Safari/537.36',
  'content-type' => 'application/json',
  'referer' => 'http://www.newproject.com/admin/office?addtabs=1',
  'accept-encoding' => 'gzip, deflate',
  'accept-language' => 'en,zh;q=0.9,zh-CN;q=0.8',
  'cookie' => 'PHPSESSID=1pii35si4ihobt3vs41fl7vvm7; think_var=zh-cn; Hm_lvt_f8d0a8c400404989e195270b0bbf060a=1534145953; Hm_lpvt_f8d0a8c400404989e195270b0bbf060a=1536376641',
)
[ info ] [ PARAM ] array (
  'sort' => 'id',
  'order' => 'desc',
  'offset' => '0',
  'limit' => '10',
  'filter' => '{}',
  'op' => '{}',
  '_' => '1536548702495',
)
[ info ] [ LANG ] F:\phpStudy\WWW\newproject\public/../application/admin\lang\zh-cn.php
[ info ] [ BEHAVIOR ] Run app\common\behavior\Common @module_init [ RunTime:0.000000s ]
[ info ] [ SESSION ] INIT array (
  'id' => '',
  'var_session_id' => '',
  'prefix' => 'think',
  'type' => '',
  'auto_start' => true,
)
[ info ] [ DB ] INIT mysql
[ info ] [ LANG ] F:\phpStudy\WWW\newproject\public/../application/admin/lang/zh-cn/office.php
[ info ] [ RUN ] app\common\controller\Backend->index[ F:\phpStudy\WWW\newproject\application\admin\library\traits\Backend.php ]
[ info ] [ BEHAVIOR ] Run app\admin\behavior\AdminLog @app_end [ RunTime:0.000000s ]
[ info ] [ LOG ] INIT File
[ sql ] [ DB ] CONNECT:[ UseTime:0.000000s ] mysql:host=127.0.0.1;dbname=fastadmin;charset=utf8
[ sql ] [ SQL ] SHOW COLUMNS FROM `fa_auth_group_access` [ RunTime:0.007000s ]
[ sql ] [ SQL ] SELECT `aga`.`uid`,`aga`.`group_id`,`ag`.`id`,`ag`.`pid`,`ag`.`name`,`ag`.`rules` FROM `fa_auth_group_access` `aga` LEFT JOIN `fa_auth_group` `ag` ON `aga`.`group_id`=`ag`.`id` WHERE  (  aga.uid='1' and ag.status='normal' ) [ RunTime:0.001000s ]
[ sql ] [ SQL ] SHOW COLUMNS FROM `fa_auth_rule` [ RunTime:0.008000s ]
[ sql ] [ SQL ] SELECT `id`,`pid`,`condition`,`icon`,`name`,`title`,`ismenu` FROM `fa_auth_rule` WHERE  `status` = 'normal' [ RunTime:0.001000s ]
[ sql ] [ SQL ] SHOW COLUMNS FROM `fa_office` [ RunTime:0.026000s ]
[ sql ] [ SQL ] SELECT COUNT(*) AS tp_count FROM `fa_office` ORDER BY `id` DESC LIMIT 1 [ RunTime:0.001000s ]
[ sql ] [ SQL ] SELECT * FROM `fa_office` ORDER BY `id` DESC LIMIT 0,10 [ RunTime:0.006000s ]
